Sun Oct 16 21:52:22 2022 :: [*]Processing C:\Users\OSFLA\Desktop\Fivem_spoofer.exe
Sun Oct 16 21:52:35 2022 :: [!]Unrecognizable packer, proceeding with normal checking. . .
Sun Oct 16 21:52:35 2022 :: [*]Fetching general info about Fivem_spoofer.exe (might take some time)
Sun Oct 16 21:53:02 2022 :: [!]Malware checker: hash_not_found
Sun Oct 16 21:53:02 2022 :: [x]Suspicious words found!:
Sun Oct 16 21:53:02 2022 :: [!]  token
Sun Oct 16 21:53:02 2022 :: [!]  chrome
Sun Oct 16 21:53:02 2022 :: [!]  opera
Sun Oct 16 21:53:02 2022 :: [!]  edge
Sun Oct 16 21:53:02 2022 :: [!]  index.js
Sun Oct 16 21:53:02 2022 :: [!]  passwords
Sun Oct 16 21:53:02 2022 :: [!]  appdata
Sun Oct 16 21:53:02 2022 :: [!]  firefox
Sun Oct 16 21:53:02 2022 :: [x]Urls found!:
Sun Oct 16 21:53:02 2022 :: [!]  http://narwhaljs.org
Sun Oct 16 21:53:02 2022 :: [!]  https://tc39.github.io/ecma262/#sec-%typedarray%.of
Sun Oct 16 21:53:02 2022 :: [!]  https://esdiscuss.org/topic/isconstructor#content-11
Sun Oct 16 21:53:02 2022 :: [!]  https://github.com/nodejs/node/pull/38433#issuecomment-828426932
Sun Oct 16 21:53:02 2022 :: [!]  https://github.com/addaleax/eventemitter-asyncresource
Sun Oct 16 21:53:02 2022 :: [!]  https://www.iana.org/assignments/tls-extensiontype-values
Sun Oct 16 21:53:02 2022 :: [!]  https://github.com/nodejs/node/pull/12342,
Sun Oct 16 21:53:02 2022 :: [!]  https://mathiasbynens.be/notes/javascript-encoding
Sun Oct 16 21:53:02 2022 :: [!]  https://tools.ietf.org/html/rfc3492#section-3.4
Sun Oct 16 21:53:02 2022 :: [!]  https://www.ecma-international.org/ecma-262/5.1/#sec-15.1.3.4
Sun Oct 16 21:53:02 2022 :: [!]  https://github.com/nodejs/node/issues/2119
Sun Oct 16 21:53:02 2022 :: [!]  https://html.spec.whatwg.org/multipage/timers-and-user-prompts.html#dom-setinterval
Sun Oct 16 21:53:02 2022 :: [!]  https://github.com/nodejs/node/pull/1771#issuecomment-119351671
Sun Oct 16 21:53:02 2022 :: [!]  https://url.spec.whatwg.org/#forbidden-host-code-point
Sun Oct 16 21:53:02 2022 :: [!]  https://code.google.com/p/chromium/issues/detail?id=25916
Sun Oct 16 21:53:02 2022 :: [!]  http://www.example.com
Sun Oct 16 21:53:02 2022 :: [!]  https://goo.gl/t5IS6M
Sun Oct 16 21:53:02 2022 :: [!]  https://github.com/nodejs/node/pull/30958
Sun Oct 16 21:53:02 2022 :: [!]  https://tools.ietf.org/html/rfc3986#section-3.2.2
Sun Oct 16 21:53:02 2022 :: [!]  https://tools.ietf.org/html/rfc7230#section-3.2.6
Sun Oct 16 21:53:02 2022 :: [!]  https://bugs.chromium.org/p/v8/issues/detail?id=10201
Sun Oct 16 21:53:02 2022 :: [!]  https://v8.dev/blog/v8-release-89
Sun Oct 16 21:53:02 2022 :: [!]  http://www.squid-cache.org/Doc/config/half_closed_clients/
Sun Oct 16 21:53:02 2022 :: [!]  https://wiki.squid-cache.org/SquidFaq/InnerWorkings#What_is_a_half-closed_filedescriptor.3F
Sun Oct 16 21:53:02 2022 :: [!]  https://github.com/nodejs/node/issues/13435
Sun Oct 16 21:53:02 2022 :: [!]  https://github.com/nodejs/node/pull/21313
Sun Oct 16 21:53:02 2022 :: [!]  https://github.com/nodejs/node/commit/ec2822adaad76b126b5cccdeaa1addf2376c9aa6
Sun Oct 16 21:53:02 2022 :: [!]  https://github.com/nodejs/node/commit/f7620fb96d339f704932f9bb9a0dceb9952df2d4
Sun Oct 16 21:53:02 2022 :: [!]  https://github.com/mysticatea/abort-controller
Sun Oct 16 21:53:02 2022 :: [!]  https://bugs.chromium.org/p/v8/issues/detail?id=10704
Sun Oct 16 21:53:02 2022 :: [!]  https://github.com/nodejs/node/pull/30380#issuecomment-552948364
Sun Oct 16 21:53:02 2022 :: [!]  https://stackoverflow.com/a/5501711/3561
Sun Oct 16 21:53:02 2022 :: [!]  https://encoding.spec.whatwg.org
Sun Oct 16 21:53:02 2022 :: [!]  https://crbug.com/v8/7848
Sun Oct 16 21:53:02 2022 :: [!]  https://github.com/nodejs/node/issues\n';
Sun Oct 16 21:53:02 2022 :: [!]  https://github.com/nodejs/node/pull/38614
Sun Oct 16 21:53:02 2022 :: [!]  https://github.com/nodejs/node/pull/33661
Sun Oct 16 21:53:02 2022 :: [!]  https://github.com/nodejs/node/pull/35949#issuecomment-722496598
Sun Oct 16 21:53:02 2022 :: [!]  http://www.apache.org/licenses/LICENSE-2.0
Sun Oct 16 21:53:02 2022 :: [!]  https://github.com/google/caja/blob/HEAD/src/com/google/caja/ses/startSES.js
Sun Oct 16 21:53:02 2022 :: [!]  https://github.com/google/caja/blob/HEAD/src/com/google/caja/ses/repairES5.js
Sun Oct 16 21:53:02 2022 :: [!]  https://github.com/tc39/proposal-ses/blob/e5271cc42a257a05dcae2fd94713ed2f46c08620/shim/src/freeze.js
Sun Oct 16 21:53:02 2022 :: [!]  https://github.com/nodejs/node/pull/13870#discussion_r124515293,
Sun Oct 16 21:53:02 2022 :: [!]  https://github.com/nodejs/node/pull/34375
Sun Oct 16 21:53:02 2022 :: [!]  https://linux.die.net/man/1/dircolors
Sun Oct 16 21:53:02 2022 :: [!]  https://github.com/da-x/rxvt-unicode/tree/v9.22-with-24bit-color
Sun Oct 16 21:53:02 2022 :: [!]  https://gist.github.com/XVilka/8346728#gistcomment-2823421
Sun Oct 16 21:53:02 2022 :: [!]  https://github.com/chalk/supports-color,
Sun Oct 16 21:53:02 2022 :: [!]  https://github.com/isaacs/color-support.
Sun Oct 16 21:53:02 2022 :: [!]  https://no-color.org/
Sun Oct 16 21:53:02 2022 :: [!]  https://invisible-island.net/ncurses/terminfo.ti.html#toc-_Specials
Sun Oct 16 21:53:02 2022 :: [!]  https://tc39.github.io/ecma262/#sec-%iteratorprototype%-object
Sun Oct 16 21:53:02 2022 :: [!]  https://html.spec.whatwg.org/multipage/browsers.html#concept-origin-opaque
Sun Oct 16 21:53:02 2022 :: [!]  https://html.spec.whatwg.org/multipage/browsers.html#ascii-serialisation-of-an-origin
Sun Oct 16 21:53:02 2022 :: [!]  https://url.spec.whatwg.org/#concept-url
Sun Oct 16 21:53:02 2022 :: [!]  https://heycam.github.io/webidl/#es-iterators
Sun Oct 16 21:53:02 2022 :: [!]  https://heycam.github.io/webidl/#es-iterable
Sun Oct 16 21:53:02 2022 :: [!]  https://heycam.github.io/webidl/#es-stringifier
Sun Oct 16 21:53:02 2022 :: [!]  https://url.spec.whatwg.org/#urlsearchparams-stringification-behavior
Sun Oct 16 21:53:02 2022 :: [!]  https://heycam.github.io/webidl/#es-iterable-entries
Sun Oct 16 21:53:02 2022 :: [!]  https://url.spec.whatwg.org/#cannot-have-a-username-password-port
Sun Oct 16 21:53:02 2022 :: [!]  https://url.spec.whatwg.org/#url-serializing
Sun Oct 16 21:53:02 2022 :: [!]  https://url.spec.whatwg.org/#concept-url-origin
Sun Oct 16 21:53:02 2022 :: [!]  https://url.spec.whatwg.org/#concept-urlencoded-parser
Sun Oct 16 21:53:02 2022 :: [!]  https://url.spec.whatwg.org/#concept-urlencoded-byte-serializer
Sun Oct 16 21:53:02 2022 :: [!]  https://url.spec.whatwg.org/#concept-urlencoded-serializer
Sun Oct 16 21:53:02 2022 :: [!]  https://heycam.github.io/webidl/#dfn-class-string
Sun Oct 16 21:53:02 2022 :: [!]  https://heycam.github.io/webidl/#es-operations
Sun Oct 16 21:53:02 2022 :: [!]  https://heycam.github.io/webidl/#dfn-default-iterator-object
Sun Oct 16 21:53:02 2022 :: [!]  https://heycam.github.io/webidl/#dfn-iterator-prototype-object
Sun Oct 16 21:53:02 2022 :: [!]  https://console.spec.whatwg.org/#console-namespace
Sun Oct 16 21:53:02 2022 :: [!]  https://url.spec.whatwg.org/#url
Sun Oct 16 21:53:02 2022 :: [!]  https://url.spec.whatwg.org/#urlsearchparams
Sun Oct 16 21:53:02 2022 :: [!]  https://encoding.spec.whatwg.org/#textencoder
Sun Oct 16 21:53:02 2022 :: [!]  https://encoding.spec.whatwg.org/#textdecoder
Sun Oct 16 21:53:02 2022 :: [!]  https://html.spec.whatwg.org/multipage/webappapis.html#windoworworkerglobalscope
Sun Oct 16 21:53:02 2022 :: [!]  https://www.w3.org/TR/hr-time-2/#the-performance-attribute
Sun Oct 16 21:53:02 2022 :: [!]  https://github.com/nodejs/node/issues/31074
Sun Oct 16 21:53:02 2022 :: [!]  https://heycam.github.io/webidl/#es-namespaces
Sun Oct 16 21:53:02 2022 :: [!]  https://heycam.github.io/webidl/#es-interfaces
Sun Oct 16 21:53:02 2022 :: [!]  https://heycam.github.io/webidl/#define-the-operations
Sun Oct 16 21:53:02 2022 :: [!]  https://heycam.github.io/webidl/#Replaceable
Sun Oct 16 21:53:02 2022 :: [!]  https://fetch.spec.whatwg.org/
Sun Oct 16 21:53:02 2022 :: [!]  https://github.com/nodejs/node/pull/26334.
Sun Oct 16 21:53:02 2022 :: [!]  https://github.com/nodejs/node/issues/19009
Sun Oct 16 21:53:02 2022 :: [!]  https://github.com/nodejs/node/pull/34010
Sun Oct 16 21:53:02 2022 :: [!]  https://console.spec.whatwg.org/#count-map
Sun Oct 16 21:53:02 2022 :: [!]  https://console.spec.whatwg.org/#clear
Sun Oct 16 21:53:02 2022 :: [!]  https://console.spec.whatwg.org/#count
Sun Oct 16 21:53:02 2022 :: [!]  https://console.spec.whatwg.org/#countreset
Sun Oct 16 21:53:02 2022 :: [!]  https://console.spec.whatwg.org/#table
Sun Oct 16 21:53:02 2022 :: [!]  https://www.w3.org/TR/WebCryptoAPI/#aes-gcm-operations
Sun Oct 16 21:53:02 2022 :: [!]  https://en.wikipedia.org/wiki/SPKAC
Sun Oct 16 21:53:02 2022 :: [!]  https://github.com/chromium/chromium/blob/HEAD/third_party/blink/public/platform/web_crypto_algorithm_params.h,
Sun Oct 16 21:53:02 2022 :: [!]  https://www.w3.org/TR/WebCryptoAPI/
Sun Oct 16 21:53:02 2022 :: [!]  https://tools.ietf.org/html/rfc6455#section-1.3
Sun Oct 16 21:53:02 2022 :: [!]  https://github.com/nodejs/node/issues/35862
Sun Oct 16 21:53:02 2022 :: [!]  https://github.com/nodejs/node/issues/2006
Sun Oct 16 21:53:02 2022 :: [!]  https://github.com/libuv/libuv/pull/1501.
Sun Oct 16 21:53:02 2022 :: [!]  https://www.ecma-international.org/ecma-262/#sec-timeclip
Sun Oct 16 21:53:02 2022 :: [!]  https://github.com/nodejs/node/pull/12607
Sun Oct 16 21:53:02 2022 :: [!]  https://github.com/standard-things/esm/issues/821.
Sun Oct 16 21:53:02 2022 :: [!]  https://nodejs.org/api/fs.html'
Sun Oct 16 21:53:02 2022 :: [!]  https://nodejs.org/api/fs.html#fs_stat_time_values
Sun Oct 16 21:53:02 2022 :: [!]  https://github.com/nodejs/node/issues/35981
Sun Oct 16 21:53:02 2022 :: [!]  https://github.com/nodejs/node/issues/35475
Sun Oct 16 21:53:02 2022 :: [!]  https://github.com/nodejs/node/issues/34532
Sun Oct 16 21:53:02 2022 :: [!]  https://tools.ietf.org/html/rfc7540#section-8.1.2.5
Sun Oct 16 21:53:02 2022 :: [!]  https://tools.ietf.org/html/rfc7230#section-3.2.2
Sun Oct 16 21:53:02 2022 :: [!]  https://nodejs.org/\n'
Sun Oct 16 21:53:02 2022 :: [!]  https://github.com/WebAssembly/esm-integration/issues/42
Sun Oct 16 21:53:02 2022 :: [!]  https://example.com/foo
Sun Oct 16 21:53:02 2022 :: [!]  https://example.com/bar
Sun Oct 16 21:53:02 2022 :: [!]  https://bugs.chromium.org/p/v8/issues/detail?id=6593
Sun Oct 16 21:53:02 2022 :: [!]  https://github.com/heycam/webidl/pull/946.
Sun Oct 16 21:53:02 2022 :: [!]  https://github.com/nodejs/node/pull/38248
Sun Oct 16 21:53:02 2022 :: [!]  https://www.ecma-international.org/ecma-262/#sec-promise.all
Sun Oct 16 21:53:02 2022 :: [!]  https://tc39.es/ecma262/#sec-%typedarray%-intrinsic-object
Sun Oct 16 21:53:02 2022 :: [!]  https://url.spec.whatwg.org/#special-scheme
Sun Oct 16 21:53:02 2022 :: [!]  https://github.com/nodejs/node/issues/39707
Sun Oct 16 21:53:02 2022 :: [!]  https://w3c.github.io/webappsec-subresource-integrity/#the-integrity-attribute
Sun Oct 16 21:53:02 2022 :: [!]  https://nodejs.org/api/cli.html#cli_unhandled_rejections_mode
Sun Oct 16 21:53:02 2022 :: [!]  https://github.com/nodejs/node-v0.x-archive/issues/2876.
Sun Oct 16 21:53:02 2022 :: [!]  https://github.com/joyent/node/issues/3295.
Sun Oct 16 21:53:02 2022 :: [!]  http://userguide.icu-project.org/strings/properties
Sun Oct 16 21:53:02 2022 :: [!]  http://www.midnight-commander.org/browser/lib/tty/key.c
Sun Oct 16 21:53:02 2022 :: [!]  https://github.com/nodejs/node/issues/3392
Sun Oct 16 21:53:02 2022 :: [!]  https://github.com/nodejs/node/pull/3394
Sun Oct 16 21:53:02 2022 :: [!]  https://www.ecma-international.org/ecma-262/#sec-line-terminators
Sun Oct 16 21:53:02 2022 :: [!]  https://cs.chromium.org/chromium/src/v8/tools/SourceMap.js?rcl=dd10454c1d
Sun Oct 16 21:53:02 2022 :: [!]  http://src.chromium.org/viewvc/blink/trunk/Source/devtools/front_end/SourceMap.js
Sun Oct 16 21:53:02 2022 :: [!]  https://github.com/google/closure-compiler/wiki/Source-Maps
Sun Oct 16 21:53:02 2022 :: [!]  https://sourcemaps.info/spec.html
Sun Oct 16 21:53:02 2022 :: [!]  https://tools.ietf.org/html/rfc2397#section-2
Sun Oct 16 21:53:02 2022 :: [!]  https://github.com/nodejs/node/pull/36061#discussion_r533718029
Sun Oct 16 21:53:02 2022 :: [!]  https://github.com/nodejs/node/pull/33515.
Sun Oct 16 21:53:02 2022 :: [!]  https://github.com/nodejs/node/pull/34103#issuecomment-652002364
Sun Oct 16 21:53:02 2022 :: [!]  https://github.com/nodejs/node/pull/34385
Sun Oct 16 21:53:02 2022 :: [!]  https://github.com/mafintosh/end-of-stream
Sun Oct 16 21:53:02 2022 :: [!]  https://en.wikipedia.org/wiki/De_Morgan%27s_laws
Sun Oct 16 21:53:02 2022 :: [!]  https://github.com/tc39/proposal-iterator-helpers/issues/169
Sun Oct 16 21:53:02 2022 :: [!]  https://github.com/mafintosh/pump
Sun Oct 16 21:53:02 2022 :: [!]  https://tc39.github.io/ecma262/#sec-object.prototype.tostring
Sun Oct 16 21:53:02 2022 :: [!]  https://developer.mozilla.org/en-US/docs/Web/JavaScript/Equality_comparisons_and_sameness#Loose_equality_using
Sun Oct 16 21:53:02 2022 :: [!]  https://tc39.es/ecma262/#sec-IsHTMLDDA-internal-slot
Sun Oct 16 21:53:02 2022 :: [!]  https://github.com/chalk/ansi-regex/blob/HEAD/index.js
Sun Oct 16 21:53:02 2022 :: [!]  https://en.wikipedia.org/wiki/ANSI_escape_code#graphics
Sun Oct 16 21:53:02 2022 :: [!]  https://github.com/tc39/ecma262/issues/1209
Sun Oct 16 21:53:02 2022 :: [!]  https://www.unicode.org/Public/UNIDATA/EastAsianWidth.txt
Sun Oct 16 21:53:02 2022 :: [!]  https://github.com/tc39/proposal-weakrefs
Sun Oct 16 21:53:02 2022 :: [!]  https://github.com/tc39/ecma262/blob/HEAD/LICENSE.md
Sun Oct 16 21:53:02 2022 :: [!]  https://github.com/nodejs/node/issues/39758
Sun Oct 16 21:53:02 2022 :: [!]  https://github.com/WICG/scheduling-apis
Sun Oct 16 21:53:02 2022 :: [!]  https://github.com/acornjs/acorn/blob/master/acorn/src/identifier.js#L23
Sun Oct 16 21:53:02 2022 :: [!]  http://code.google.com/p/closure-compiler/wiki/SourceMaps
Sun Oct 16 21:53:02 2022 :: [!]  https://nodejs.org/download/release/v17.8.0/node-v17.8.0.tar.gz
Sun Oct 16 21:53:02 2022 :: [!]  https://nodejs.org/download/release/v17.8.0/node-v17.8.0-headers.tar.gz
Sun Oct 16 21:53:02 2022 :: [!]  https://nodejs.org/download/release/v17.8.0/win-x64/node.lib
Sun Oct 16 21:53:02 2022 :: [!]  https://crbug.com/v8/8520
Sun Oct 16 21:53:02 2022 :: [!]  http://www.unicode.org/copyright.html
Sun Oct 16 21:53:02 2022 :: [!]  https://www.World
Sun Oct 16 21:53:02 2022 :: [!]  http://www.years
Sun Oct 16 21:53:02 2022 :: [!]  http://www.interpretation
Sun Oct 16 21:53:02 2022 :: [!]  https://www.recent
Sun Oct 16 21:53:02 2022 :: [!]  http://www.wencodeURIComponent
Sun Oct 16 21:53:02 2022 :: [!]  http://www.icon
Sun Oct 16 21:53:02 2022 :: [!]  http://www.hortcut
Sun Oct 16 21:53:02 2022 :: [!]  http://www.w3.org/shortcut
Sun Oct 16 21:53:02 2022 :: [!]  http://www.text-decoration
Sun Oct 16 21:53:02 2022 :: [!]  http://www.style=
Sun Oct 16 21:53:02 2022 :: [!]  http://www.css
Sun Oct 16 21:53:02 2022 :: [!]  http://www.language=
Sun Oct 16 21:53:02 2022 :: [!]  https://github.com/nodejs/node/blob/1a96d83a223ff9f05f7d942fb84440d323f7b596/lib/internal/bootstrap/node.js#L269
Sun Oct 16 21:53:02 2022 :: [!]  https://github.com/vercel/pkg/issues/1589
Sun Oct 16 21:53:02 2022 :: [!]  https://github.com/nodejs/node/pull/33229
Sun Oct 16 21:53:02 2022 :: [*]Dumped file structure --> C:\Users\OSFLA\Desktop\PyExtractor-main\Fivem_spoofer.exe\Fivem_spoofer.exe.json
--------------------------Finished--------------------------

Tue Oct 18 19:14:39 2022 :: [*]Processing C:\Users\OSFLA\Desktop\Ethone.exe
Tue Oct 18 19:14:53 2022 :: [!]Unrecognizable packer, proceeding with normal checking. . .
Tue Oct 18 19:14:53 2022 :: [*]Fetching general info about Ethone.exe (might take some time)
Tue Oct 18 20:49:47 2022 :: [*]Processing C:\Users\OSFLA\Desktop\Ethone.exe
Tue Oct 18 20:50:03 2022 :: [!]Unrecognizable packer, proceeding with normal checking. . .
Tue Oct 18 20:50:03 2022 :: [*]Fetching general info about Ethone.exe (might take some time)
Tue Oct 18 20:50:30 2022 :: [!]Malware checker: hash_not_found
Tue Oct 18 20:50:30 2022 :: [x]Suspicious words found!:
Tue Oct 18 20:50:30 2022 :: [!]  token
Tue Oct 18 20:50:30 2022 :: [!]  chrome
Tue Oct 18 20:50:30 2022 :: [!]  opera
Tue Oct 18 20:50:30 2022 :: [!]  edge
Tue Oct 18 20:50:30 2022 :: [!]  index.js
Tue Oct 18 20:50:30 2022 :: [!]  passwords
Tue Oct 18 20:50:30 2022 :: [!]  appdata
Tue Oct 18 20:50:30 2022 :: [!]  firefox
Tue Oct 18 20:50:30 2022 :: [x]Urls found!:
Tue Oct 18 20:50:30 2022 :: [!]  http://narwhaljs.org
Tue Oct 18 20:50:30 2022 :: [!]  https://tc39.github.io/ecma262/#sec-%typedarray%.of
Tue Oct 18 20:50:30 2022 :: [!]  https://esdiscuss.org/topic/isconstructor#content-11
Tue Oct 18 20:50:30 2022 :: [!]  https://github.com/nodejs/node/pull/38433#issuecomment-828426932
Tue Oct 18 20:50:30 2022 :: [!]  https://github.com/addaleax/eventemitter-asyncresource
Tue Oct 18 20:50:30 2022 :: [!]  https://www.iana.org/assignments/tls-extensiontype-values
Tue Oct 18 20:50:30 2022 :: [!]  https://github.com/nodejs/node/pull/12342,
Tue Oct 18 20:50:30 2022 :: [!]  https://mathiasbynens.be/notes/javascript-encoding
Tue Oct 18 20:50:30 2022 :: [!]  https://tools.ietf.org/html/rfc3492#section-3.4
Tue Oct 18 20:50:30 2022 :: [!]  https://www.ecma-international.org/ecma-262/5.1/#sec-15.1.3.4
Tue Oct 18 20:50:30 2022 :: [!]  https://github.com/nodejs/node/issues/2119
Tue Oct 18 20:50:30 2022 :: [!]  https://html.spec.whatwg.org/multipage/timers-and-user-prompts.html#dom-setinterval
Tue Oct 18 20:50:30 2022 :: [!]  https://github.com/nodejs/node/pull/1771#issuecomment-119351671
Tue Oct 18 20:50:30 2022 :: [!]  https://url.spec.whatwg.org/#forbidden-host-code-point
Tue Oct 18 20:50:30 2022 :: [!]  https://code.google.com/p/chromium/issues/detail?id=25916
Tue Oct 18 20:50:30 2022 :: [!]  http://www.example.com
Tue Oct 18 20:50:30 2022 :: [!]  https://goo.gl/t5IS6M
Tue Oct 18 20:50:30 2022 :: [!]  https://github.com/nodejs/node/pull/30958
Tue Oct 18 20:50:30 2022 :: [!]  https://tools.ietf.org/html/rfc3986#section-3.2.2
Tue Oct 18 20:50:30 2022 :: [!]  https://tools.ietf.org/html/rfc7230#section-3.2.6
Tue Oct 18 20:50:30 2022 :: [!]  https://bugs.chromium.org/p/v8/issues/detail?id=10201
Tue Oct 18 20:50:30 2022 :: [!]  https://v8.dev/blog/v8-release-89
Tue Oct 18 20:50:30 2022 :: [!]  http://www.squid-cache.org/Doc/config/half_closed_clients/
Tue Oct 18 20:50:30 2022 :: [!]  https://wiki.squid-cache.org/SquidFaq/InnerWorkings#What_is_a_half-closed_filedescriptor.3F
Tue Oct 18 20:50:30 2022 :: [!]  https://github.com/nodejs/node/issues/13435
Tue Oct 18 20:50:30 2022 :: [!]  https://github.com/nodejs/node/pull/21313
Tue Oct 18 20:50:30 2022 :: [!]  https://github.com/nodejs/node/commit/ec2822adaad76b126b5cccdeaa1addf2376c9aa6
Tue Oct 18 20:50:30 2022 :: [!]  https://github.com/nodejs/node/commit/f7620fb96d339f704932f9bb9a0dceb9952df2d4
Tue Oct 18 20:50:30 2022 :: [!]  https://github.com/mysticatea/abort-controller
Tue Oct 18 20:50:30 2022 :: [!]  https://bugs.chromium.org/p/v8/issues/detail?id=10704
Tue Oct 18 20:50:30 2022 :: [!]  https://github.com/nodejs/node/pull/30380#issuecomment-552948364
Tue Oct 18 20:50:30 2022 :: [!]  https://stackoverflow.com/a/5501711/3561
Tue Oct 18 20:50:30 2022 :: [!]  https://encoding.spec.whatwg.org
Tue Oct 18 20:50:30 2022 :: [!]  https://crbug.com/v8/7848
Tue Oct 18 20:50:30 2022 :: [!]  https://github.com/nodejs/node/issues\n';
Tue Oct 18 20:50:30 2022 :: [!]  https://github.com/nodejs/node/pull/38614
Tue Oct 18 20:50:30 2022 :: [!]  https://github.com/nodejs/node/pull/33661
Tue Oct 18 20:50:30 2022 :: [!]  https://github.com/nodejs/node/pull/35949#issuecomment-722496598
Tue Oct 18 20:50:30 2022 :: [!]  http://www.apache.org/licenses/LICENSE-2.0
Tue Oct 18 20:50:30 2022 :: [!]  https://github.com/google/caja/blob/HEAD/src/com/google/caja/ses/startSES.js
Tue Oct 18 20:50:30 2022 :: [!]  https://github.com/google/caja/blob/HEAD/src/com/google/caja/ses/repairES5.js
Tue Oct 18 20:50:30 2022 :: [!]  https://github.com/tc39/proposal-ses/blob/e5271cc42a257a05dcae2fd94713ed2f46c08620/shim/src/freeze.js
Tue Oct 18 20:50:30 2022 :: [!]  https://github.com/nodejs/node/pull/13870#discussion_r124515293,
Tue Oct 18 20:50:30 2022 :: [!]  https://github.com/nodejs/node/pull/34375
Tue Oct 18 20:50:30 2022 :: [!]  https://linux.die.net/man/1/dircolors
Tue Oct 18 20:50:30 2022 :: [!]  https://github.com/da-x/rxvt-unicode/tree/v9.22-with-24bit-color
Tue Oct 18 20:50:30 2022 :: [!]  https://gist.github.com/XVilka/8346728#gistcomment-2823421
Tue Oct 18 20:50:30 2022 :: [!]  https://github.com/chalk/supports-color,
Tue Oct 18 20:50:30 2022 :: [!]  https://github.com/isaacs/color-support.
Tue Oct 18 20:50:30 2022 :: [!]  https://no-color.org/
Tue Oct 18 20:50:30 2022 :: [!]  https://invisible-island.net/ncurses/terminfo.ti.html#toc-_Specials
Tue Oct 18 20:50:30 2022 :: [!]  https://tc39.github.io/ecma262/#sec-%iteratorprototype%-object
Tue Oct 18 20:50:30 2022 :: [!]  https://html.spec.whatwg.org/multipage/browsers.html#concept-origin-opaque
Tue Oct 18 20:50:30 2022 :: [!]  https://html.spec.whatwg.org/multipage/browsers.html#ascii-serialisation-of-an-origin
Tue Oct 18 20:50:30 2022 :: [!]  https://url.spec.whatwg.org/#concept-url
Tue Oct 18 20:50:30 2022 :: [!]  https://heycam.github.io/webidl/#es-iterators
Tue Oct 18 20:50:30 2022 :: [!]  https://heycam.github.io/webidl/#es-iterable
Tue Oct 18 20:50:30 2022 :: [!]  https://heycam.github.io/webidl/#es-stringifier
Tue Oct 18 20:50:30 2022 :: [!]  https://url.spec.whatwg.org/#urlsearchparams-stringification-behavior
Tue Oct 18 20:50:30 2022 :: [!]  https://heycam.github.io/webidl/#es-iterable-entries
Tue Oct 18 20:50:30 2022 :: [!]  https://url.spec.whatwg.org/#cannot-have-a-username-password-port
Tue Oct 18 20:50:30 2022 :: [!]  https://url.spec.whatwg.org/#url-serializing
Tue Oct 18 20:50:30 2022 :: [!]  https://url.spec.whatwg.org/#concept-url-origin
Tue Oct 18 20:50:30 2022 :: [!]  https://url.spec.whatwg.org/#concept-urlencoded-parser
Tue Oct 18 20:50:30 2022 :: [!]  https://url.spec.whatwg.org/#concept-urlencoded-byte-serializer
Tue Oct 18 20:50:30 2022 :: [!]  https://url.spec.whatwg.org/#concept-urlencoded-serializer
Tue Oct 18 20:50:30 2022 :: [!]  https://heycam.github.io/webidl/#dfn-class-string
Tue Oct 18 20:50:30 2022 :: [!]  https://heycam.github.io/webidl/#es-operations
Tue Oct 18 20:50:30 2022 :: [!]  https://heycam.github.io/webidl/#dfn-default-iterator-object
Tue Oct 18 20:50:30 2022 :: [!]  https://heycam.github.io/webidl/#dfn-iterator-prototype-object
Tue Oct 18 20:50:30 2022 :: [!]  https://console.spec.whatwg.org/#console-namespace
Tue Oct 18 20:50:30 2022 :: [!]  https://url.spec.whatwg.org/#url
Tue Oct 18 20:50:30 2022 :: [!]  https://url.spec.whatwg.org/#urlsearchparams
Tue Oct 18 20:50:30 2022 :: [!]  https://encoding.spec.whatwg.org/#textencoder
Tue Oct 18 20:50:30 2022 :: [!]  https://encoding.spec.whatwg.org/#textdecoder
Tue Oct 18 20:50:30 2022 :: [!]  https://html.spec.whatwg.org/multipage/webappapis.html#windoworworkerglobalscope
Tue Oct 18 20:50:30 2022 :: [!]  https://www.w3.org/TR/hr-time-2/#the-performance-attribute
Tue Oct 18 20:50:30 2022 :: [!]  https://github.com/nodejs/node/issues/31074
Tue Oct 18 20:50:30 2022 :: [!]  https://heycam.github.io/webidl/#es-namespaces
Tue Oct 18 20:50:30 2022 :: [!]  https://heycam.github.io/webidl/#es-interfaces
Tue Oct 18 20:50:30 2022 :: [!]  https://heycam.github.io/webidl/#define-the-operations
Tue Oct 18 20:50:30 2022 :: [!]  https://heycam.github.io/webidl/#Replaceable
Tue Oct 18 20:50:30 2022 :: [!]  https://fetch.spec.whatwg.org/
Tue Oct 18 20:50:30 2022 :: [!]  https://github.com/nodejs/node/pull/26334.
Tue Oct 18 20:50:30 2022 :: [!]  https://github.com/nodejs/node/issues/19009
Tue Oct 18 20:50:30 2022 :: [!]  https://github.com/nodejs/node/pull/34010
Tue Oct 18 20:50:30 2022 :: [!]  https://console.spec.whatwg.org/#count-map
Tue Oct 18 20:50:30 2022 :: [!]  https://console.spec.whatwg.org/#clear
Tue Oct 18 20:50:30 2022 :: [!]  https://console.spec.whatwg.org/#count
Tue Oct 18 20:50:30 2022 :: [!]  https://console.spec.whatwg.org/#countreset
Tue Oct 18 20:50:30 2022 :: [!]  https://console.spec.whatwg.org/#table
Tue Oct 18 20:50:30 2022 :: [!]  https://www.w3.org/TR/WebCryptoAPI/#aes-gcm-operations
Tue Oct 18 20:50:30 2022 :: [!]  https://en.wikipedia.org/wiki/SPKAC
Tue Oct 18 20:50:30 2022 :: [!]  https://github.com/chromium/chromium/blob/HEAD/third_party/blink/public/platform/web_crypto_algorithm_params.h,
Tue Oct 18 20:50:30 2022 :: [!]  https://www.w3.org/TR/WebCryptoAPI/
Tue Oct 18 20:50:30 2022 :: [!]  https://tools.ietf.org/html/rfc6455#section-1.3
Tue Oct 18 20:50:30 2022 :: [!]  https://github.com/nodejs/node/issues/35862
Tue Oct 18 20:50:30 2022 :: [!]  https://github.com/nodejs/node/issues/2006
Tue Oct 18 20:50:30 2022 :: [!]  https://github.com/libuv/libuv/pull/1501.
Tue Oct 18 20:50:30 2022 :: [!]  https://www.ecma-international.org/ecma-262/#sec-timeclip
Tue Oct 18 20:50:30 2022 :: [!]  https://github.com/nodejs/node/pull/12607
Tue Oct 18 20:50:30 2022 :: [!]  https://github.com/standard-things/esm/issues/821.
Tue Oct 18 20:50:30 2022 :: [!]  https://nodejs.org/api/fs.html'
Tue Oct 18 20:50:30 2022 :: [!]  https://nodejs.org/api/fs.html#fs_stat_time_values
Tue Oct 18 20:50:30 2022 :: [!]  https://github.com/nodejs/node/issues/35981
Tue Oct 18 20:50:30 2022 :: [!]  https://github.com/nodejs/node/issues/35475
Tue Oct 18 20:50:30 2022 :: [!]  https://github.com/nodejs/node/issues/34532
Tue Oct 18 20:50:30 2022 :: [!]  https://tools.ietf.org/html/rfc7540#section-8.1.2.5
Tue Oct 18 20:50:30 2022 :: [!]  https://tools.ietf.org/html/rfc7230#section-3.2.2
Tue Oct 18 20:50:30 2022 :: [!]  https://nodejs.org/\n'
Tue Oct 18 20:50:30 2022 :: [!]  https://github.com/WebAssembly/esm-integration/issues/42
Tue Oct 18 20:50:30 2022 :: [!]  https://example.com/foo
Tue Oct 18 20:50:30 2022 :: [!]  https://example.com/bar
Tue Oct 18 20:50:30 2022 :: [!]  https://bugs.chromium.org/p/v8/issues/detail?id=6593
Tue Oct 18 20:50:30 2022 :: [!]  https://github.com/heycam/webidl/pull/946.
Tue Oct 18 20:50:30 2022 :: [!]  https://github.com/nodejs/node/pull/38248
Tue Oct 18 20:50:30 2022 :: [!]  https://www.ecma-international.org/ecma-262/#sec-promise.all
Tue Oct 18 20:50:30 2022 :: [!]  https://tc39.es/ecma262/#sec-%typedarray%-intrinsic-object
Tue Oct 18 20:50:30 2022 :: [!]  https://url.spec.whatwg.org/#special-scheme
Tue Oct 18 20:50:30 2022 :: [!]  https://github.com/nodejs/node/issues/39707
Tue Oct 18 20:50:30 2022 :: [!]  https://w3c.github.io/webappsec-subresource-integrity/#the-integrity-attribute
Tue Oct 18 20:50:30 2022 :: [!]  https://nodejs.org/api/cli.html#cli_unhandled_rejections_mode
Tue Oct 18 20:50:30 2022 :: [!]  https://github.com/nodejs/node-v0.x-archive/issues/2876.
Tue Oct 18 20:50:30 2022 :: [!]  https://github.com/joyent/node/issues/3295.
Tue Oct 18 20:50:30 2022 :: [!]  http://userguide.icu-project.org/strings/properties
Tue Oct 18 20:50:30 2022 :: [!]  http://www.midnight-commander.org/browser/lib/tty/key.c
Tue Oct 18 20:50:30 2022 :: [!]  https://github.com/nodejs/node/issues/3392
Tue Oct 18 20:50:30 2022 :: [!]  https://github.com/nodejs/node/pull/3394
Tue Oct 18 20:50:30 2022 :: [!]  https://www.ecma-international.org/ecma-262/#sec-line-terminators
Tue Oct 18 20:50:30 2022 :: [!]  https://cs.chromium.org/chromium/src/v8/tools/SourceMap.js?rcl=dd10454c1d
Tue Oct 18 20:50:30 2022 :: [!]  http://src.chromium.org/viewvc/blink/trunk/Source/devtools/front_end/SourceMap.js
Tue Oct 18 20:50:30 2022 :: [!]  https://github.com/google/closure-compiler/wiki/Source-Maps
Tue Oct 18 20:50:30 2022 :: [!]  https://sourcemaps.info/spec.html
Tue Oct 18 20:50:30 2022 :: [!]  https://tools.ietf.org/html/rfc2397#section-2
Tue Oct 18 20:50:30 2022 :: [!]  https://github.com/nodejs/node/pull/36061#discussion_r533718029
Tue Oct 18 20:50:30 2022 :: [!]  https://github.com/nodejs/node/pull/33515.
Tue Oct 18 20:50:30 2022 :: [!]  https://github.com/nodejs/node/pull/34103#issuecomment-652002364
Tue Oct 18 20:50:30 2022 :: [!]  https://github.com/nodejs/node/pull/34385
Tue Oct 18 20:50:30 2022 :: [!]  https://github.com/mafintosh/end-of-stream
Tue Oct 18 20:50:30 2022 :: [!]  https://en.wikipedia.org/wiki/De_Morgan%27s_laws
Tue Oct 18 20:50:30 2022 :: [!]  https://github.com/tc39/proposal-iterator-helpers/issues/169
Tue Oct 18 20:50:30 2022 :: [!]  https://github.com/mafintosh/pump
Tue Oct 18 20:50:30 2022 :: [!]  https://tc39.github.io/ecma262/#sec-object.prototype.tostring
Tue Oct 18 20:50:30 2022 :: [!]  https://developer.mozilla.org/en-US/docs/Web/JavaScript/Equality_comparisons_and_sameness#Loose_equality_using
Tue Oct 18 20:50:30 2022 :: [!]  https://tc39.es/ecma262/#sec-IsHTMLDDA-internal-slot
Tue Oct 18 20:50:30 2022 :: [!]  https://github.com/chalk/ansi-regex/blob/HEAD/index.js
Tue Oct 18 20:50:30 2022 :: [!]  https://en.wikipedia.org/wiki/ANSI_escape_code#graphics
Tue Oct 18 20:50:30 2022 :: [!]  https://github.com/tc39/ecma262/issues/1209
Tue Oct 18 20:50:30 2022 :: [!]  https://www.unicode.org/Public/UNIDATA/EastAsianWidth.txt
Tue Oct 18 20:50:30 2022 :: [!]  https://github.com/tc39/proposal-weakrefs
Tue Oct 18 20:50:30 2022 :: [!]  https://github.com/tc39/ecma262/blob/HEAD/LICENSE.md
Tue Oct 18 20:50:30 2022 :: [!]  https://github.com/nodejs/node/issues/39758
Tue Oct 18 20:50:30 2022 :: [!]  https://github.com/WICG/scheduling-apis
Tue Oct 18 20:50:30 2022 :: [!]  https://github.com/acornjs/acorn/blob/master/acorn/src/identifier.js#L23
Tue Oct 18 20:50:30 2022 :: [!]  http://code.google.com/p/closure-compiler/wiki/SourceMaps
Tue Oct 18 20:50:30 2022 :: [!]  https://nodejs.org/download/release/v17.8.0/node-v17.8.0.tar.gz
Tue Oct 18 20:50:30 2022 :: [!]  https://nodejs.org/download/release/v17.8.0/node-v17.8.0-headers.tar.gz
Tue Oct 18 20:50:30 2022 :: [!]  https://nodejs.org/download/release/v17.8.0/win-x64/node.lib
Tue Oct 18 20:50:30 2022 :: [!]  https://crbug.com/v8/8520
Tue Oct 18 20:50:30 2022 :: [!]  http://www.unicode.org/copyright.html
Tue Oct 18 20:50:30 2022 :: [!]  https://www.World
Tue Oct 18 20:50:30 2022 :: [!]  http://www.years
Tue Oct 18 20:50:30 2022 :: [!]  http://www.interpretation
Tue Oct 18 20:50:30 2022 :: [!]  https://www.recent
Tue Oct 18 20:50:30 2022 :: [!]  http://www.wencodeURIComponent
Tue Oct 18 20:50:30 2022 :: [!]  http://www.icon
Tue Oct 18 20:50:30 2022 :: [!]  http://www.hortcut
Tue Oct 18 20:50:30 2022 :: [!]  http://www.w3.org/shortcut
Tue Oct 18 20:50:30 2022 :: [!]  http://www.text-decoration
Tue Oct 18 20:50:30 2022 :: [!]  http://www.style=
Tue Oct 18 20:50:30 2022 :: [!]  http://www.css
Tue Oct 18 20:50:30 2022 :: [!]  http://www.language=
Tue Oct 18 20:50:30 2022 :: [!]  https://github.com/nodejs/node/blob/1a96d83a223ff9f05f7d942fb84440d323f7b596/lib/internal/bootstrap/node.js#L269
Tue Oct 18 20:50:30 2022 :: [!]  https://github.com/vercel/pkg/issues/1589
Tue Oct 18 20:50:30 2022 :: [!]  https://github.com/nodejs/node/pull/33229
Tue Oct 18 20:50:30 2022 :: [*]Dumped file structure --> C:\Users\OSFLA\Desktop\PyExtractor-main\Ethone.exe\Ethone.exe.json
--------------------------Finished--------------------------

Tue Oct 18 20:56:24 2022 :: [*]Processing C:\Users\OSFLA\Desktop\Ethone.exe
Tue Oct 18 20:56:39 2022 :: [!]Unrecognizable packer, proceeding with normal checking. . .
Tue Oct 18 20:56:39 2022 :: [*]Fetching general info about Ethone.exe (might take some time)
Tue Oct 18 20:57:27 2022 :: [*]Processing C:\Users\OSFLA\Desktop\Ethone.exe
Tue Oct 18 20:57:42 2022 :: [!]Unrecognizable packer, proceeding with normal checking. . .
Tue Oct 18 20:57:42 2022 :: [*]Fetching general info about Ethone.exe (might take some time)
Tue Oct 18 20:59:40 2022 :: [*]Processing C:\Users\OSFLA\Desktop\Ethone.exe
Tue Oct 18 20:59:54 2022 :: [!]Unrecognizable packer, proceeding with normal checking. . .
Tue Oct 18 20:59:54 2022 :: [*]Fetching general info about Ethone.exe (might take some time)
Tue Oct 18 21:00:27 2022 :: [!]Malware checker: hash_not_found
Tue Oct 18 21:00:27 2022 :: [x]Suspicious words found!:
Tue Oct 18 21:00:27 2022 :: [!]  token
Tue Oct 18 21:00:27 2022 :: [!]  chrome
Tue Oct 18 21:00:27 2022 :: [!]  opera
Tue Oct 18 21:00:27 2022 :: [!]  edge
Tue Oct 18 21:00:27 2022 :: [!]  index.js
Tue Oct 18 21:00:27 2022 :: [!]  passwords
Tue Oct 18 21:00:27 2022 :: [!]  appdata
Tue Oct 18 21:00:27 2022 :: [!]  firefox
Tue Oct 18 21:00:27 2022 :: [x]Urls found!:
Tue Oct 18 21:00:27 2022 :: [!]  http://narwhaljs.org
Tue Oct 18 21:00:27 2022 :: [!]  https://tc39.github.io/ecma262/#sec-%typedarray%.of
Tue Oct 18 21:00:27 2022 :: [!]  https://esdiscuss.org/topic/isconstructor#content-11
Tue Oct 18 21:00:27 2022 :: [!]  https://github.com/nodejs/node/pull/38433#issuecomment-828426932
Tue Oct 18 21:00:27 2022 :: [!]  https://github.com/addaleax/eventemitter-asyncresource
Tue Oct 18 21:00:27 2022 :: [!]  https://www.iana.org/assignments/tls-extensiontype-values
Tue Oct 18 21:00:27 2022 :: [!]  https://github.com/nodejs/node/pull/12342,
Tue Oct 18 21:00:27 2022 :: [!]  https://mathiasbynens.be/notes/javascript-encoding
Tue Oct 18 21:00:27 2022 :: [!]  https://tools.ietf.org/html/rfc3492#section-3.4
Tue Oct 18 21:00:27 2022 :: [!]  https://www.ecma-international.org/ecma-262/5.1/#sec-15.1.3.4
Tue Oct 18 21:00:27 2022 :: [!]  https://github.com/nodejs/node/issues/2119
Tue Oct 18 21:00:27 2022 :: [!]  https://html.spec.whatwg.org/multipage/timers-and-user-prompts.html#dom-setinterval
Tue Oct 18 21:00:27 2022 :: [!]  https://github.com/nodejs/node/pull/1771#issuecomment-119351671
Tue Oct 18 21:00:27 2022 :: [!]  https://url.spec.whatwg.org/#forbidden-host-code-point
Tue Oct 18 21:00:27 2022 :: [!]  https://code.google.com/p/chromium/issues/detail?id=25916
Tue Oct 18 21:00:27 2022 :: [!]  http://www.example.com
Tue Oct 18 21:00:27 2022 :: [!]  https://goo.gl/t5IS6M
Tue Oct 18 21:00:27 2022 :: [!]  https://github.com/nodejs/node/pull/30958
Tue Oct 18 21:00:27 2022 :: [!]  https://tools.ietf.org/html/rfc3986#section-3.2.2
Tue Oct 18 21:00:27 2022 :: [!]  https://tools.ietf.org/html/rfc7230#section-3.2.6
Tue Oct 18 21:00:27 2022 :: [!]  https://bugs.chromium.org/p/v8/issues/detail?id=10201
Tue Oct 18 21:00:27 2022 :: [!]  https://v8.dev/blog/v8-release-89
Tue Oct 18 21:00:27 2022 :: [!]  http://www.squid-cache.org/Doc/config/half_closed_clients/
Tue Oct 18 21:00:27 2022 :: [!]  https://wiki.squid-cache.org/SquidFaq/InnerWorkings#What_is_a_half-closed_filedescriptor.3F
Tue Oct 18 21:00:27 2022 :: [!]  https://github.com/nodejs/node/issues/13435
Tue Oct 18 21:00:27 2022 :: [!]  https://github.com/nodejs/node/pull/21313
Tue Oct 18 21:00:27 2022 :: [!]  https://github.com/nodejs/node/commit/ec2822adaad76b126b5cccdeaa1addf2376c9aa6
Tue Oct 18 21:00:27 2022 :: [!]  https://github.com/nodejs/node/commit/f7620fb96d339f704932f9bb9a0dceb9952df2d4
Tue Oct 18 21:00:27 2022 :: [!]  https://github.com/mysticatea/abort-controller
Tue Oct 18 21:00:27 2022 :: [!]  https://bugs.chromium.org/p/v8/issues/detail?id=10704
Tue Oct 18 21:00:27 2022 :: [!]  https://github.com/nodejs/node/pull/30380#issuecomment-552948364
Tue Oct 18 21:00:27 2022 :: [!]  https://stackoverflow.com/a/5501711/3561
Tue Oct 18 21:00:27 2022 :: [!]  https://encoding.spec.whatwg.org
Tue Oct 18 21:00:27 2022 :: [!]  https://crbug.com/v8/7848
Tue Oct 18 21:00:27 2022 :: [!]  https://github.com/nodejs/node/issues\n';
Tue Oct 18 21:00:27 2022 :: [!]  https://github.com/nodejs/node/pull/38614
Tue Oct 18 21:00:27 2022 :: [!]  https://github.com/nodejs/node/pull/33661
Tue Oct 18 21:00:27 2022 :: [!]  https://github.com/nodejs/node/pull/35949#issuecomment-722496598
Tue Oct 18 21:00:27 2022 :: [!]  http://www.apache.org/licenses/LICENSE-2.0
Tue Oct 18 21:00:27 2022 :: [!]  https://github.com/google/caja/blob/HEAD/src/com/google/caja/ses/startSES.js
Tue Oct 18 21:00:27 2022 :: [!]  https://github.com/google/caja/blob/HEAD/src/com/google/caja/ses/repairES5.js
Tue Oct 18 21:00:27 2022 :: [!]  https://github.com/tc39/proposal-ses/blob/e5271cc42a257a05dcae2fd94713ed2f46c08620/shim/src/freeze.js
Tue Oct 18 21:00:27 2022 :: [!]  https://github.com/nodejs/node/pull/13870#discussion_r124515293,
Tue Oct 18 21:00:27 2022 :: [!]  https://github.com/nodejs/node/pull/34375
Tue Oct 18 21:00:27 2022 :: [!]  https://linux.die.net/man/1/dircolors
Tue Oct 18 21:00:27 2022 :: [!]  https://github.com/da-x/rxvt-unicode/tree/v9.22-with-24bit-color
Tue Oct 18 21:00:27 2022 :: [!]  https://gist.github.com/XVilka/8346728#gistcomment-2823421
Tue Oct 18 21:00:27 2022 :: [!]  https://github.com/chalk/supports-color,
Tue Oct 18 21:00:27 2022 :: [!]  https://github.com/isaacs/color-support.
Tue Oct 18 21:00:27 2022 :: [!]  https://no-color.org/
Tue Oct 18 21:00:27 2022 :: [!]  https://invisible-island.net/ncurses/terminfo.ti.html#toc-_Specials
Tue Oct 18 21:00:27 2022 :: [!]  https://tc39.github.io/ecma262/#sec-%iteratorprototype%-object
Tue Oct 18 21:00:27 2022 :: [!]  https://html.spec.whatwg.org/multipage/browsers.html#concept-origin-opaque
Tue Oct 18 21:00:27 2022 :: [!]  https://html.spec.whatwg.org/multipage/browsers.html#ascii-serialisation-of-an-origin
Tue Oct 18 21:00:27 2022 :: [!]  https://url.spec.whatwg.org/#concept-url
Tue Oct 18 21:00:27 2022 :: [!]  https://heycam.github.io/webidl/#es-iterators
Tue Oct 18 21:00:27 2022 :: [!]  https://heycam.github.io/webidl/#es-iterable
Tue Oct 18 21:00:27 2022 :: [!]  https://heycam.github.io/webidl/#es-stringifier
Tue Oct 18 21:00:27 2022 :: [!]  https://url.spec.whatwg.org/#urlsearchparams-stringification-behavior
Tue Oct 18 21:00:27 2022 :: [!]  https://heycam.github.io/webidl/#es-iterable-entries
Tue Oct 18 21:00:27 2022 :: [!]  https://url.spec.whatwg.org/#cannot-have-a-username-password-port
Tue Oct 18 21:00:27 2022 :: [!]  https://url.spec.whatwg.org/#url-serializing
Tue Oct 18 21:00:27 2022 :: [!]  https://url.spec.whatwg.org/#concept-url-origin
Tue Oct 18 21:00:27 2022 :: [!]  https://url.spec.whatwg.org/#concept-urlencoded-parser
Tue Oct 18 21:00:27 2022 :: [!]  https://url.spec.whatwg.org/#concept-urlencoded-byte-serializer
Tue Oct 18 21:00:27 2022 :: [!]  https://url.spec.whatwg.org/#concept-urlencoded-serializer
Tue Oct 18 21:00:27 2022 :: [!]  https://heycam.github.io/webidl/#dfn-class-string
Tue Oct 18 21:00:27 2022 :: [!]  https://heycam.github.io/webidl/#es-operations
Tue Oct 18 21:00:27 2022 :: [!]  https://heycam.github.io/webidl/#dfn-default-iterator-object
Tue Oct 18 21:00:27 2022 :: [!]  https://heycam.github.io/webidl/#dfn-iterator-prototype-object
Tue Oct 18 21:00:27 2022 :: [!]  https://console.spec.whatwg.org/#console-namespace
Tue Oct 18 21:00:27 2022 :: [!]  https://url.spec.whatwg.org/#url
Tue Oct 18 21:00:27 2022 :: [!]  https://url.spec.whatwg.org/#urlsearchparams
Tue Oct 18 21:00:27 2022 :: [!]  https://encoding.spec.whatwg.org/#textencoder
Tue Oct 18 21:00:27 2022 :: [!]  https://encoding.spec.whatwg.org/#textdecoder
Tue Oct 18 21:00:27 2022 :: [!]  https://html.spec.whatwg.org/multipage/webappapis.html#windoworworkerglobalscope
Tue Oct 18 21:00:27 2022 :: [!]  https://www.w3.org/TR/hr-time-2/#the-performance-attribute
Tue Oct 18 21:00:27 2022 :: [!]  https://github.com/nodejs/node/issues/31074
Tue Oct 18 21:00:27 2022 :: [!]  https://heycam.github.io/webidl/#es-namespaces
Tue Oct 18 21:00:27 2022 :: [!]  https://heycam.github.io/webidl/#es-interfaces
Tue Oct 18 21:00:27 2022 :: [!]  https://heycam.github.io/webidl/#define-the-operations
Tue Oct 18 21:00:27 2022 :: [!]  https://heycam.github.io/webidl/#Replaceable
Tue Oct 18 21:00:27 2022 :: [!]  https://fetch.spec.whatwg.org/
Tue Oct 18 21:00:27 2022 :: [!]  https://github.com/nodejs/node/pull/26334.
Tue Oct 18 21:00:27 2022 :: [!]  https://github.com/nodejs/node/issues/19009
Tue Oct 18 21:00:27 2022 :: [!]  https://github.com/nodejs/node/pull/34010
Tue Oct 18 21:00:27 2022 :: [!]  https://console.spec.whatwg.org/#count-map
Tue Oct 18 21:00:27 2022 :: [!]  https://console.spec.whatwg.org/#clear
Tue Oct 18 21:00:27 2022 :: [!]  https://console.spec.whatwg.org/#count
Tue Oct 18 21:00:27 2022 :: [!]  https://console.spec.whatwg.org/#countreset
Tue Oct 18 21:00:27 2022 :: [!]  https://console.spec.whatwg.org/#table
Tue Oct 18 21:00:27 2022 :: [!]  https://www.w3.org/TR/WebCryptoAPI/#aes-gcm-operations
Tue Oct 18 21:00:27 2022 :: [!]  https://en.wikipedia.org/wiki/SPKAC
Tue Oct 18 21:00:27 2022 :: [!]  https://github.com/chromium/chromium/blob/HEAD/third_party/blink/public/platform/web_crypto_algorithm_params.h,
Tue Oct 18 21:00:27 2022 :: [!]  https://www.w3.org/TR/WebCryptoAPI/
Tue Oct 18 21:00:27 2022 :: [!]  https://tools.ietf.org/html/rfc6455#section-1.3
Tue Oct 18 21:00:27 2022 :: [!]  https://github.com/nodejs/node/issues/35862
Tue Oct 18 21:00:27 2022 :: [!]  https://github.com/nodejs/node/issues/2006
Tue Oct 18 21:00:27 2022 :: [!]  https://github.com/libuv/libuv/pull/1501.
Tue Oct 18 21:00:27 2022 :: [!]  https://www.ecma-international.org/ecma-262/#sec-timeclip
Tue Oct 18 21:00:27 2022 :: [!]  https://github.com/nodejs/node/pull/12607
Tue Oct 18 21:00:27 2022 :: [!]  https://github.com/standard-things/esm/issues/821.
Tue Oct 18 21:00:27 2022 :: [!]  https://nodejs.org/api/fs.html'
Tue Oct 18 21:00:27 2022 :: [!]  https://nodejs.org/api/fs.html#fs_stat_time_values
Tue Oct 18 21:00:27 2022 :: [!]  https://github.com/nodejs/node/issues/35981
Tue Oct 18 21:00:27 2022 :: [!]  https://github.com/nodejs/node/issues/35475
Tue Oct 18 21:00:27 2022 :: [!]  https://github.com/nodejs/node/issues/34532
Tue Oct 18 21:00:27 2022 :: [!]  https://tools.ietf.org/html/rfc7540#section-8.1.2.5
Tue Oct 18 21:00:27 2022 :: [!]  https://tools.ietf.org/html/rfc7230#section-3.2.2
Tue Oct 18 21:00:27 2022 :: [!]  https://nodejs.org/\n'
Tue Oct 18 21:00:27 2022 :: [!]  https://github.com/WebAssembly/esm-integration/issues/42
Tue Oct 18 21:00:27 2022 :: [!]  https://example.com/foo
Tue Oct 18 21:00:27 2022 :: [!]  https://example.com/bar
Tue Oct 18 21:00:27 2022 :: [!]  https://bugs.chromium.org/p/v8/issues/detail?id=6593
Tue Oct 18 21:00:27 2022 :: [!]  https://github.com/heycam/webidl/pull/946.
Tue Oct 18 21:00:27 2022 :: [!]  https://github.com/nodejs/node/pull/38248
Tue Oct 18 21:00:27 2022 :: [!]  https://www.ecma-international.org/ecma-262/#sec-promise.all
Tue Oct 18 21:00:27 2022 :: [!]  https://tc39.es/ecma262/#sec-%typedarray%-intrinsic-object
Tue Oct 18 21:00:27 2022 :: [!]  https://url.spec.whatwg.org/#special-scheme
Tue Oct 18 21:00:27 2022 :: [!]  https://github.com/nodejs/node/issues/39707
Tue Oct 18 21:00:27 2022 :: [!]  https://w3c.github.io/webappsec-subresource-integrity/#the-integrity-attribute
Tue Oct 18 21:00:27 2022 :: [!]  https://nodejs.org/api/cli.html#cli_unhandled_rejections_mode
Tue Oct 18 21:00:27 2022 :: [!]  https://github.com/nodejs/node-v0.x-archive/issues/2876.
Tue Oct 18 21:00:27 2022 :: [!]  https://github.com/joyent/node/issues/3295.
Tue Oct 18 21:00:27 2022 :: [!]  http://userguide.icu-project.org/strings/properties
Tue Oct 18 21:00:27 2022 :: [!]  http://www.midnight-commander.org/browser/lib/tty/key.c
Tue Oct 18 21:00:27 2022 :: [!]  https://github.com/nodejs/node/issues/3392
Tue Oct 18 21:00:27 2022 :: [!]  https://github.com/nodejs/node/pull/3394
Tue Oct 18 21:00:27 2022 :: [!]  https://www.ecma-international.org/ecma-262/#sec-line-terminators
Tue Oct 18 21:00:27 2022 :: [!]  https://cs.chromium.org/chromium/src/v8/tools/SourceMap.js?rcl=dd10454c1d
Tue Oct 18 21:00:27 2022 :: [!]  http://src.chromium.org/viewvc/blink/trunk/Source/devtools/front_end/SourceMap.js
Tue Oct 18 21:00:27 2022 :: [!]  https://github.com/google/closure-compiler/wiki/Source-Maps
Tue Oct 18 21:00:27 2022 :: [!]  https://sourcemaps.info/spec.html
Tue Oct 18 21:00:27 2022 :: [!]  https://tools.ietf.org/html/rfc2397#section-2
Tue Oct 18 21:00:27 2022 :: [!]  https://github.com/nodejs/node/pull/36061#discussion_r533718029
Tue Oct 18 21:00:27 2022 :: [!]  https://github.com/nodejs/node/pull/33515.
Tue Oct 18 21:00:27 2022 :: [!]  https://github.com/nodejs/node/pull/34103#issuecomment-652002364
Tue Oct 18 21:00:27 2022 :: [!]  https://github.com/nodejs/node/pull/34385
Tue Oct 18 21:00:27 2022 :: [!]  https://github.com/mafintosh/end-of-stream
Tue Oct 18 21:00:27 2022 :: [!]  https://en.wikipedia.org/wiki/De_Morgan%27s_laws
Tue Oct 18 21:00:27 2022 :: [!]  https://github.com/tc39/proposal-iterator-helpers/issues/169
Tue Oct 18 21:00:27 2022 :: [!]  https://github.com/mafintosh/pump
Tue Oct 18 21:00:27 2022 :: [!]  https://tc39.github.io/ecma262/#sec-object.prototype.tostring
Tue Oct 18 21:00:27 2022 :: [!]  https://developer.mozilla.org/en-US/docs/Web/JavaScript/Equality_comparisons_and_sameness#Loose_equality_using
Tue Oct 18 21:00:27 2022 :: [!]  https://tc39.es/ecma262/#sec-IsHTMLDDA-internal-slot
Tue Oct 18 21:00:27 2022 :: [!]  https://github.com/chalk/ansi-regex/blob/HEAD/index.js
Tue Oct 18 21:00:27 2022 :: [!]  https://en.wikipedia.org/wiki/ANSI_escape_code#graphics
Tue Oct 18 21:00:27 2022 :: [!]  https://github.com/tc39/ecma262/issues/1209
Tue Oct 18 21:00:27 2022 :: [!]  https://www.unicode.org/Public/UNIDATA/EastAsianWidth.txt
Tue Oct 18 21:00:27 2022 :: [!]  https://github.com/tc39/proposal-weakrefs
Tue Oct 18 21:00:27 2022 :: [!]  https://github.com/tc39/ecma262/blob/HEAD/LICENSE.md
Tue Oct 18 21:00:27 2022 :: [!]  https://github.com/nodejs/node/issues/39758
Tue Oct 18 21:00:27 2022 :: [!]  https://github.com/WICG/scheduling-apis
Tue Oct 18 21:00:27 2022 :: [!]  https://github.com/acornjs/acorn/blob/master/acorn/src/identifier.js#L23
Tue Oct 18 21:00:27 2022 :: [!]  http://code.google.com/p/closure-compiler/wiki/SourceMaps
Tue Oct 18 21:00:27 2022 :: [!]  https://nodejs.org/download/release/v17.8.0/node-v17.8.0.tar.gz
Tue Oct 18 21:00:27 2022 :: [!]  https://nodejs.org/download/release/v17.8.0/node-v17.8.0-headers.tar.gz
Tue Oct 18 21:00:27 2022 :: [!]  https://nodejs.org/download/release/v17.8.0/win-x64/node.lib
Tue Oct 18 21:00:27 2022 :: [!]  https://crbug.com/v8/8520
Tue Oct 18 21:00:27 2022 :: [!]  http://www.unicode.org/copyright.html
Tue Oct 18 21:00:27 2022 :: [!]  https://www.World
Tue Oct 18 21:00:27 2022 :: [!]  http://www.years
Tue Oct 18 21:00:27 2022 :: [!]  http://www.interpretation
Tue Oct 18 21:00:27 2022 :: [!]  https://www.recent
Tue Oct 18 21:00:27 2022 :: [!]  http://www.wencodeURIComponent
Tue Oct 18 21:00:27 2022 :: [!]  http://www.icon
Tue Oct 18 21:00:27 2022 :: [!]  http://www.hortcut
Tue Oct 18 21:00:27 2022 :: [!]  http://www.w3.org/shortcut
Tue Oct 18 21:00:27 2022 :: [!]  http://www.text-decoration
Tue Oct 18 21:00:27 2022 :: [!]  http://www.style=
Tue Oct 18 21:00:27 2022 :: [!]  http://www.css
Tue Oct 18 21:00:27 2022 :: [!]  http://www.language=
Tue Oct 18 21:00:27 2022 :: [!]  https://github.com/nodejs/node/blob/1a96d83a223ff9f05f7d942fb84440d323f7b596/lib/internal/bootstrap/node.js#L269
Tue Oct 18 21:00:27 2022 :: [!]  https://github.com/vercel/pkg/issues/1589
Tue Oct 18 21:00:27 2022 :: [!]  https://github.com/nodejs/node/pull/33229
Tue Oct 18 21:00:27 2022 :: [*]Dumped file structure --> C:\Users\OSFLA\Desktop\PyExtractor-main\Ethone.exe\Ethone.exe.json
--------------------------Finished--------------------------

Thu Oct 20 20:42:49 2022 :: [*]Processing C:\Users\lowkk\OneDrive\Bureau\w\Discord.AIO.exe
Thu Oct 20 20:42:49 2022 :: [!]Unrecognizable packer, proceeding with normal checking. . .
Thu Oct 20 20:42:49 2022 :: [*]Fetching general info about Discord.AIO.exe (might take some time)
Thu Oct 20 20:42:59 2022 :: [!]Malware checker: hash_not_found
Thu Oct 20 20:42:59 2022 :: [x]Url found!:
Thu Oct 20 20:42:59 2022 :: [!]  http://www.w3.org/2001/XMLSchema-instance
Thu Oct 20 20:42:59 2022 :: [*]Dumped file structure --> C:\Users\lowkk\OneDrive\Bureau\PyExtractor-main\Discord.AIO.exe\Discord.AIO.exe.json
--------------------------Finished--------------------------

Fri Oct 21 17:45:59 2022 :: [*]Wed Oct 26 16:34:34 2022 :: [*]Processing C:\Users\lowkk\OneDrive\Bureau\DC-Nuke\MadeInAbyss (2).exe
Wed Oct 26 16:34:49 2022 :: [!]Unrecognizable packer, proceeding with normal checking. . .
Wed Oct 26 16:34:49 2022 :: [*]Fetching general info about MadeInAbyss (2).exe (might take some time)
Wed Oct 26 16:35:18 2022 :: [!]Malware checker: hash_not_found
Wed Oct 26 16:35:18 2022 :: [x]Suspicious words found!:
Wed Oct 26 16:35:18 2022 :: [!]  token
Wed Oct 26 16:35:18 2022 :: [!]  edge
Wed Oct 26 16:35:18 2022 :: [!]  chrome
Wed Oct 26 16:35:18 2022 :: [!]  opera
Wed Oct 26 16:35:18 2022 :: [!]  index.js
Wed Oct 26 16:35:18 2022 :: [!]  passwords
Wed Oct 26 16:35:18 2022 :: [!]  appdata
Wed Oct 26 16:35:18 2022 :: [!]  firefox
Wed Oct 26 16:35:18 2022 :: [x]Urls found!:
Wed Oct 26 16:35:18 2022 :: [!]  http://narwhaljs.org
Wed Oct 26 16:35:18 2022 :: [!]  https://tc39.github.io/ecma262/#sec-%typedarray%.of
Wed Oct 26 16:35:18 2022 :: [!]  https://esdiscuss.org/topic/isconstructor#content-11
Wed Oct 26 16:35:18 2022 :: [!]  https://github.com/nodejs/node/pull/38433#issuecomment-828426932
Wed Oct 26 16:35:18 2022 :: [!]  https://github.com/addaleax/eventemitter-asyncresource
Wed Oct 26 16:35:18 2022 :: [!]  https://www.iana.org/assignments/tls-extensiontype-values
Wed Oct 26 16:35:18 2022 :: [!]  https://github.com/nodejs/node/pull/12342,
Wed Oct 26 16:35:18 2022 :: [!]  https://mathiasbynens.be/notes/javascript-encoding
Wed Oct 26 16:35:18 2022 :: [!]  https://tools.ietf.org/html/rfc3492#section-3.4
Wed Oct 26 16:35:18 2022 :: [!]  https://www.ecma-international.org/ecma-262/5.1/#sec-15.1.3.4
Wed Oct 26 16:35:18 2022 :: [!]  https://github.com/antirez/linenoise
Wed Oct 26 16:35:18 2022 :: [!]  https://invisible-island.net/xterm/ctlseqs/ctlseqs.html
Wed Oct 26 16:35:18 2022 :: [!]  http://www.3waylabs.com/nw/WWW/products/wizcon/vt220.html
Wed Oct 26 16:35:18 2022 :: [!]  https://github.com/nodejs/node-v0.x-archive/issues/2876.
Wed Oct 26 16:35:18 2022 :: [!]  https://github.com/joyent/node/issues/3295.
Wed Oct 26 16:35:18 2022 :: [!]  https://github.com/nodejs/node/issues/2119
Wed Oct 26 16:35:19 2022 :: [!]  https://html.spec.whatwg.org/multipage/timers-and-user-prompts.html#dom-setinterval
Wed Oct 26 16:35:19 2022 :: [!]  https://github.com/nodejs/node/pull/1771#issuecomment-119351671
Wed Oct 26 16:35:19 2022 :: [!]  https://code.google.com/p/chromium/issues/detail?id=25916
Wed Oct 26 16:35:19 2022 :: [!]  http://www.example.com
Wed Oct 26 16:35:19 2022 :: [!]  https://goo.gl/t5IS6M
Wed Oct 26 16:35:19 2022 :: [!]  https://github.com/nodejs/node/pull/30958
Wed Oct 26 16:35:19 2022 :: [!]  https://tools.ietf.org/html/rfc3986#section-3.2.2
Wed Oct 26 16:35:19 2022 :: [!]  https://tools.ietf.org/html/rfc7230#section-3.2.6
Wed Oct 26 16:35:19 2022 :: [!]  https://bugs.chromium.org/p/v8/issues/detail?id=10201
Wed Oct 26 16:35:19 2022 :: [!]  https://v8.dev/blog/v8-release-89
Wed Oct 26 16:35:19 2022 :: [!]  http://www.squid-cache.org/Doc/config/half_closed_clients/
Wed Oct 26 16:35:19 2022 :: [!]  https://wiki.squid-cache.org/SquidFaq/InnerWorkings#What_is_a_half-closed_filedescriptor.3F
Wed Oct 26 16:35:19 2022 :: [!]  https://github.com/nodejs/node/issues/13435
Wed Oct 26 16:35:19 2022 :: [!]  https://github.com/nodejs/node/pull/21313
Wed Oct 26 16:35:19 2022 :: [!]  https://github.com/nodejs/node/commit/ec2822adaad76b126b5cccdeaa1addf2376c9aa6
Wed Oct 26 16:35:19 2022 :: [!]  https://github.com/nodejs/node/commit/f7620fb96d339f704932f9bb9a0dceb9952df2d4
Wed Oct 26 16:35:19 2022 :: [!]  https://github.com/mysticatea/abort-controller
Wed Oct 26 16:35:19 2022 :: [!]  https://bugs.chromium.org/p/v8/issues/detail?id=10704
Wed Oct 26 16:35:19 2022 :: [!]  https://github.com/nodejs/node/pull/30380#issuecomment-552948364
Wed Oct 26 16:35:19 2022 :: [!]  https://stackoverflow.com/a/5501711/3561
Wed Oct 26 16:35:19 2022 :: [!]  https://encoding.spec.whatwg.org
Wed Oct 26 16:35:19 2022 :: [!]  https://crbug.com/v8/7848
Wed Oct 26 16:35:19 2022 :: [!]  https://github.com/nodejs/node/issues\n';
Wed Oct 26 16:35:19 2022 :: [!]  https://github.com/nodejs/node/pull/38614
Wed Oct 26 16:35:19 2022 :: [!]  https://github.com/nodejs/node/pull/33661
Wed Oct 26 16:35:19 2022 :: [!]  https://github.com/nodejs/node/pull/35949#issuecomment-722496598
Wed Oct 26 16:35:19 2022 :: [!]  http://www.apache.org/licenses/LICENSE-2.0
Wed Oct 26 16:35:19 2022 :: [!]  https://github.com/google/caja/blob/HEAD/src/com/google/caja/ses/startSES.js
Wed Oct 26 16:35:19 2022 :: [!]  https://github.com/google/caja/blob/HEAD/src/com/google/caja/ses/repairES5.js
Wed Oct 26 16:35:19 2022 :: [!]  https://github.com/tc39/proposal-ses/blob/e5271cc42a257a05dcae2fd94713ed2f46c08620/shim/src/freeze.js
Wed Oct 26 16:35:19 2022 :: [!]  https://github.com/nodejs/node/pull/13870#discussion_r124515293,
Wed Oct 26 16:35:19 2022 :: [!]  https://github.com/nodejs/node/pull/34375
Wed Oct 26 16:35:19 2022 :: [!]  https://linux.die.net/man/1/dircolors
Wed Oct 26 16:35:19 2022 :: [!]  https://github.com/da-x/rxvt-unicode/tree/v9.22-with-24bit-color
Wed Oct 26 16:35:19 2022 :: [!]  https://gist.github.com/XVilka/8346728#gistcomment-2823421
Wed Oct 26 16:35:19 2022 :: [!]  https://github.com/chalk/supports-color,
Wed Oct 26 16:35:19 2022 :: [!]  https://github.com/isaacs/color-support.
Wed Oct 26 16:35:19 2022 :: [!]  https://no-color.org/
Wed Oct 26 16:35:19 2022 :: [!]  https://invisible-island.net/ncurses/terminfo.ti.html#toc-_Specials
Wed Oct 26 16:35:19 2022 :: [!]  https://tc39.github.io/ecma262/#sec-%iteratorprototype%-object
Wed Oct 26 16:35:19 2022 :: [!]  https://html.spec.whatwg.org/multipage/browsers.html#concept-origin-opaque
Wed Oct 26 16:35:19 2022 :: [!]  https://html.spec.whatwg.org/multipage/browsers.html#ascii-serialisation-of-an-origin
Wed Oct 26 16:35:19 2022 :: [!]  https://url.spec.whatwg.org/#concept-url
Wed Oct 26 16:35:19 2022 :: [!]  https://heycam.github.io/webidl/#es-iterators
Wed Oct 26 16:35:19 2022 :: [!]  https://heycam.github.io/webidl/#es-iterable
Wed Oct 26 16:35:19 2022 :: [!]  https://heycam.github.io/webidl/#es-stringifier
Wed Oct 26 16:35:19 2022 :: [!]  https://url.spec.whatwg.org/#urlsearchparams-stringification-behavior
Wed Oct 26 16:35:19 2022 :: [!]  https://heycam.github.io/webidl/#es-iterable-entries
Wed Oct 26 16:35:19 2022 :: [!]  https://url.spec.whatwg.org/#cannot-have-a-username-password-port
Wed Oct 26 16:35:19 2022 :: [!]  https://url.spec.whatwg.org/#url-serializing
Wed Oct 26 16:35:19 2022 :: [!]  https://url.spec.whatwg.org/#concept-url-origin
Wed Oct 26 16:35:19 2022 :: [!]  https://url.spec.whatwg.org/#concept-urlencoded-parser
Wed Oct 26 16:35:19 2022 :: [!]  https://url.spec.whatwg.org/#concept-urlencoded-byte-serializer
Wed Oct 26 16:35:19 2022 :: [!]  https://url.spec.whatwg.org/#concept-urlencoded-serializer
Wed Oct 26 16:35:19 2022 :: [!]  https://heycam.github.io/webidl/#dfn-class-string
Wed Oct 26 16:35:19 2022 :: [!]  https://heycam.github.io/webidl/#es-operations
Wed Oct 26 16:35:19 2022 :: [!]  https://heycam.github.io/webidl/#dfn-default-iterator-object
Wed Oct 26 16:35:19 2022 :: [!]  https://heycam.github.io/webidl/#dfn-iterator-prototype-object
Wed Oct 26 16:35:19 2022 :: [!]  https://console.spec.whatwg.org/#console-namespace
Wed Oct 26 16:35:19 2022 :: [!]  https://url.spec.whatwg.org/#url
Wed Oct 26 16:35:19 2022 :: [!]  https://url.spec.whatwg.org/#urlsearchparams
Wed Oct 26 16:35:19 2022 :: [!]  https://encoding.spec.whatwg.org/#textencoder
Wed Oct 26 16:35:19 2022 :: [!]  https://encoding.spec.whatwg.org/#textdecoder
Wed Oct 26 16:35:19 2022 :: [!]  https://html.spec.whatwg.org/multipage/webappapis.html#windoworworkerglobalscope
Wed Oct 26 16:35:19 2022 :: [!]  https://www.w3.org/TR/hr-time-2/#the-performance-attribute
Wed Oct 26 16:35:19 2022 :: [!]  https://github.com/nodejs/node/issues/31074
Wed Oct 26 16:35:19 2022 :: [!]  https://heycam.github.io/webidl/#es-namespaces
Wed Oct 26 16:35:19 2022 :: [!]  https://heycam.github.io/webidl/#es-interfaces
Wed Oct 26 16:35:19 2022 :: [!]  https://heycam.github.io/webidl/#define-the-operations
Wed Oct 26 16:35:19 2022 :: [!]  https://heycam.github.io/webidl/#Replaceable
Wed Oct 26 16:35:19 2022 :: [!]  https://github.com/nodejs/node/pull/26334.
Wed Oct 26 16:35:19 2022 :: [!]  https://github.com/nodejs/node/issues/19009
Wed Oct 26 16:35:19 2022 :: [!]  https://github.com/nodejs/node/pull/34010
Wed Oct 26 16:35:19 2022 :: [!]  https://console.spec.whatwg.org/#count-map
Wed Oct 26 16:35:19 2022 :: [!]  https://console.spec.whatwg.org/#clear
Wed Oct 26 16:35:19 2022 :: [!]  https://console.spec.whatwg.org/#count
Wed Oct 26 16:35:19 2022 :: [!]  https://console.spec.whatwg.org/#countreset
Wed Oct 26 16:35:19 2022 :: [!]  https://console.spec.whatwg.org/#table
Wed Oct 26 16:35:19 2022 :: [!]  https://www.w3.org/TR/WebCryptoAPI/#aes-gcm-operations
Wed Oct 26 16:35:19 2022 :: [!]  https://en.wikipedia.org/wiki/SPKAC
Wed Oct 26 16:35:19 2022 :: [!]  https://github.com/chromium/chromium/blob/HEAD/third_party/blink/public/platform/web_crypto_algorithm_params.h,
Wed Oct 26 16:35:19 2022 :: [!]  https://www.w3.org/TR/WebCryptoAPI/
Wed Oct 26 16:35:19 2022 :: [!]  https://tools.ietf.org/html/rfc6455#section-1.3
Wed Oct 26 16:35:19 2022 :: [!]  https://github.com/nodejs/node/issues/35862
Wed Oct 26 16:35:19 2022 :: [!]  https://github.com/nodejs/node/issues/2006
Wed Oct 26 16:35:19 2022 :: [!]  https://github.com/libuv/libuv/pull/1501.
Wed Oct 26 16:35:19 2022 :: [!]  https://www.ecma-international.org/ecma-262/#sec-timeclip
Wed Oct 26 16:35:19 2022 :: [!]  https://github.com/nodejs/node/pull/12607
Wed Oct 26 16:35:19 2022 :: [!]  https://github.com/standard-things/esm/issues/821.
Wed Oct 26 16:35:19 2022 :: [!]  https://nodejs.org/api/fs.html'
Wed Oct 26 16:35:19 2022 :: [!]  https://nodejs.org/api/fs.html#fs_stat_time_values
Wed Oct 26 16:35:19 2022 :: [!]  https://github.com/nodejs/node/issues/35981
Wed Oct 26 16:35:19 2022 :: [!]  https://github.com/nodejs/node/issues/35475
Wed Oct 26 16:35:19 2022 :: [!]  https://github.com/nodejs/node/issues/34532
Wed Oct 26 16:35:19 2022 :: [!]  https://tools.ietf.org/html/rfc7540#section-8.1.2.5
Wed Oct 26 16:35:19 2022 :: [!]  https://tools.ietf.org/html/rfc7230#section-3.2.2
Wed Oct 26 16:35:19 2022 :: [!]  https://nodejs.org/\n'
Wed Oct 26 16:35:19 2022 :: [!]  https://github.com/WebAssembly/esm-integration/issues/42
Wed Oct 26 16:35:19 2022 :: [!]  https://bugs.chromium.org/p/v8/issues/detail?id=6593
Wed Oct 26 16:35:19 2022 :: [!]  https://github.com/nodejs/node/pull/38248
Wed Oct 26 16:35:19 2022 :: [!]  https://www.ecma-international.org/ecma-262/#sec-promise.all
Wed Oct 26 16:35:19 2022 :: [!]  https://tc39.es/ecma262/#sec-%typedarray%-intrinsic-object
Wed Oct 26 16:35:19 2022 :: [!]  https://url.spec.whatwg.org/#special-scheme
Wed Oct 26 16:35:19 2022 :: [!]  https://github.com/nodejs/node/issues/39707
Wed Oct 26 16:35:19 2022 :: [!]  https://w3c.github.io/webappsec-subresource-integrity/#the-integrity-attribute
Wed Oct 26 16:35:19 2022 :: [!]  https://nodejs.org/api/cli.html#cli_unhandled_rejections_mode
Wed Oct 26 16:35:19 2022 :: [!]  http://userguide.icu-project.org/strings/properties
Wed Oct 26 16:35:19 2022 :: [!]  http://www.midnight-commander.org/browser/lib/tty/key.c
Wed Oct 26 16:35:19 2022 :: [!]  https://github.com/nodejs/node/issues/3392
Wed Oct 26 16:35:19 2022 :: [!]  https://github.com/nodejs/node/pull/3394
Wed Oct 26 16:35:19 2022 :: [!]  https://www.ecma-international.org/ecma-262/#sec-line-terminators
Wed Oct 26 16:35:19 2022 :: [!]  https://cs.chromium.org/chromium/src/v8/tools/SourceMap.js?rcl=dd10454c1d
Wed Oct 26 16:35:19 2022 :: [!]  http://src.chromium.org/viewvc/blink/trunk/Source/devtools/front_end/SourceMap.js
Wed Oct 26 16:35:19 2022 :: [!]  https://github.com/google/closure-compiler/wiki/Source-Maps
Wed Oct 26 16:35:19 2022 :: [!]  https://sourcemaps.info/spec.html
Wed Oct 26 16:35:19 2022 :: [!]  https://tools.ietf.org/html/rfc2397#section-2
Wed Oct 26 16:35:19 2022 :: [!]  https://github.com/nodejs/node/pull/36061#discussion_r533718029
Wed Oct 26 16:35:19 2022 :: [!]  https://github.com/nodejs/node/pull/34385
Wed Oct 26 16:35:19 2022 :: [!]  https://github.com/nodejs/node/pull/33515.
Wed Oct 26 16:35:19 2022 :: [!]  https://github.com/nodejs/node/pull/34103#issuecomment-652002364
Wed Oct 26 16:35:19 2022 :: [!]  https://github.com/mafintosh/end-of-stream
Wed Oct 26 16:35:19 2022 :: [!]  https://github.com/mafintosh/pump
Wed Oct 26 16:35:19 2022 :: [!]  https://tc39.github.io/ecma262/#sec-object.prototype.tostring
Wed Oct 26 16:35:19 2022 :: [!]  https://developer.mozilla.org/en-US/docs/Web/JavaScript/Equality_comparisons_and_sameness#Loose_equality_using
Wed Oct 26 16:35:19 2022 :: [!]  https://tc39.es/ecma262/#sec-IsHTMLDDA-internal-slot
Wed Oct 26 16:35:19 2022 :: [!]  https://github.com/chalk/ansi-regex/blob/HEAD/index.js
Wed Oct 26 16:35:19 2022 :: [!]  https://en.wikipedia.org/wiki/ANSI_escape_code#graphics
Wed Oct 26 16:35:19 2022 :: [!]  https://github.com/tc39/ecma262/issues/1209
Wed Oct 26 16:35:19 2022 :: [!]  https://www.unicode.org/Public/UNIDATA/EastAsianWidth.txt
Wed Oct 26 16:35:19 2022 :: [!]  https://github.com/tc39/proposal-weakrefs
Wed Oct 26 16:35:19 2022 :: [!]  https://github.com/tc39/ecma262/blob/HEAD/LICENSE.md
Wed Oct 26 16:35:19 2022 :: [!]  https://github.com/nodejs/node/issues/39758
Wed Oct 26 16:35:19 2022 :: [!]  https://github.com/WICG/scheduling-apis
Wed Oct 26 16:35:19 2022 :: [!]  https://github.com/acornjs/acorn/blob/master/acorn/src/identifier.js#L23
Wed Oct 26 16:35:19 2022 :: [!]  http://code.google.com/p/closure-compiler/wiki/SourceMaps
Wed Oct 26 16:35:19 2022 :: [!]  https://nodejs.org/download/release/v16.14.2/node-v16.14.2.tar.gz
Wed Oct 26 16:35:19 2022 :: [!]  https://nodejs.org/download/release/v16.14.2/node-v16.14.2-headers.tar.gz
Wed Oct 26 16:35:19 2022 :: [!]  https://nodejs.org/download/release/v16.14.2/win-x64/node.lib
Wed Oct 26 16:35:19 2022 :: [!]  https://crbug.com/v8/8520
Wed Oct 26 16:35:19 2022 :: [!]  http://www.unicode.org/copyright.html
Wed Oct 26 16:35:19 2022 :: [!]  https://www.World
Wed Oct 26 16:35:19 2022 :: [!]  http://www.years
Wed Oct 26 16:35:19 2022 :: [!]  http://www.interpretation
Wed Oct 26 16:35:19 2022 :: [!]  https://www.recent
Wed Oct 26 16:35:19 2022 :: [!]  http://www.wencodeURIComponent
Wed Oct 26 16:35:19 2022 :: [!]  http://www.icon
Wed Oct 26 16:35:19 2022 :: [!]  http://www.hortcut
Wed Oct 26 16:35:19 2022 :: [!]  http://www.w3.org/shortcut
Wed Oct 26 16:35:19 2022 :: [!]  http://www.text-decoration
Wed Oct 26 16:35:19 2022 :: [!]  http://www.style=
Wed Oct 26 16:35:19 2022 :: [!]  http://www.css
Wed Oct 26 16:35:19 2022 :: [!]  http://www.language=
Wed Oct 26 16:35:19 2022 :: [!]  https://github.com/nodejs/node/blob/1a96d83a223ff9f05f7d942fb84440d323f7b596/lib/internal/bootstrap/node.js#L269
Wed Oct 26 16:35:19 2022 :: [!]  https://github.com/vercel/pkg/issues/1589
Wed Oct 26 16:35:19 2022 :: [!]  https://github.com/nodejs/node/pull/33229
Wed Oct 26 16:35:19 2022 :: [*]Dumped file structure --> C:\Users\lowkk\OneDrive\Bureau\PyExtractor-main\MadeInAbyss (2).exe\MadeInAbyss (2).exe.json
--------------------------Finished--------------------------

Thu Oct 27 16:53:29 2022 :: [*]Processing C:\Users\lowkk\OneDrive\Bureau\start.exe
Thu Oct 27 16:53:48 2022 :: [!]Unrecognizable packer, proceeding with normal checking. . .
Thu Oct 27 16:53:48 2022 :: [*]Fetching general info about start.exe (might take some time)
Thu Oct 27 16:54:26 2022 :: [!]Malware checker: hash_not_found
Thu Oct 27 16:54:26 2022 :: [x]Suspicious words found!:
Thu Oct 27 16:54:26 2022 :: [!]  token
Thu Oct 27 16:54:26 2022 :: [!]  chrome
Thu Oct 27 16:54:26 2022 :: [!]  opera
Thu Oct 27 16:54:26 2022 :: [!]  edge
Thu Oct 27 16:54:26 2022 :: [!]  index.js
Thu Oct 27 16:54:26 2022 :: [!]  passwords
Thu Oct 27 16:54:26 2022 :: [!]  appdata
Thu Oct 27 16:54:26 2022 :: [!]  firefox
Thu Oct 27 16:54:26 2022 :: [x]Urls found!:
Thu Oct 27 16:54:26 2022 :: [!]  http://narwhaljs.org
Thu Oct 27 16:54:26 2022 :: [!]  https://tc39.github.io/ecma262/#sec-%typedarray%.of
Thu Oct 27 16:54:26 2022 :: [!]  https://esdiscuss.org/topic/isconstructor#content-11
Thu Oct 27 16:54:26 2022 :: [!]  https://github.com/nodejs/node/pull/38433#issuecomment-828426932
Thu Oct 27 16:54:26 2022 :: [!]  https://github.com/addaleax/eventemitter-asyncresource
Thu Oct 27 16:54:26 2022 :: [!]  https://www.iana.org/assignments/tls-extensiontype-values
Thu Oct 27 16:54:26 2022 :: [!]  https://github.com/nodejs/node/pull/12342,
Thu Oct 27 16:54:26 2022 :: [!]  https://mathiasbynens.be/notes/javascript-encoding
Thu Oct 27 16:54:26 2022 :: [!]  https://tools.ietf.org/html/rfc3492#section-3.4
Thu Oct 27 16:54:26 2022 :: [!]  https://www.ecma-international.org/ecma-262/5.1/#sec-15.1.3.4
Thu Oct 27 16:54:26 2022 :: [!]  https://github.com/nodejs/node/issues/2119
Thu Oct 27 16:54:26 2022 :: [!]  https://html.spec.whatwg.org/multipage/timers-and-user-prompts.html#dom-setinterval
Thu Oct 27 16:54:26 2022 :: [!]  https://github.com/nodejs/node/pull/1771#issuecomment-119351671
Thu Oct 27 16:54:26 2022 :: [!]  https://url.spec.whatwg.org/#forbidden-host-code-point
Thu Oct 27 16:54:26 2022 :: [!]  https://code.google.com/p/chromium/issues/detail?id=25916
Thu Oct 27 16:54:26 2022 :: [!]  http://www.example.com
Thu Oct 27 16:54:26 2022 :: [!]  https://goo.gl/t5IS6M
Thu Oct 27 16:54:26 2022 :: [!]  https://github.com/nodejs/node/pull/30958
Thu Oct 27 16:54:26 2022 :: [!]  https://tools.ietf.org/html/rfc3986#section-3.2.2
Thu Oct 27 16:54:26 2022 :: [!]  https://tools.ietf.org/html/rfc7230#section-3.2.6
Thu Oct 27 16:54:26 2022 :: [!]  https://bugs.chromium.org/p/v8/issues/detail?id=10201
Thu Oct 27 16:54:26 2022 :: [!]  https://v8.dev/blog/v8-release-89
Thu Oct 27 16:54:26 2022 :: [!]  http://www.squid-cache.org/Doc/config/half_closed_clients/
Thu Oct 27 16:54:26 2022 :: [!]  https://wiki.squid-cache.org/SquidFaq/InnerWorkings#What_is_a_half-closed_filedescriptor.3F
Thu Oct 27 16:54:26 2022 :: [!]  https://github.com/nodejs/node/issues/13435
Thu Oct 27 16:54:26 2022 :: [!]  https://github.com/nodejs/node/pull/21313
Thu Oct 27 16:54:26 2022 :: [!]  https://github.com/nodejs/node/commit/ec2822adaad76b126b5cccdeaa1addf2376c9aa6
Thu Oct 27 16:54:26 2022 :: [!]  https://github.com/nodejs/node/commit/f7620fb96d339f704932f9bb9a0dceb9952df2d4
Thu Oct 27 16:54:26 2022 :: [!]  https://github.com/mysticatea/abort-controller
Thu Oct 27 16:54:26 2022 :: [!]  https://bugs.chromium.org/p/v8/issues/detail?id=10704
Thu Oct 27 16:54:26 2022 :: [!]  https://github.com/nodejs/node/pull/30380#issuecomment-552948364
Thu Oct 27 16:54:26 2022 :: [!]  https://stackoverflow.com/a/5501711/3561
Thu Oct 27 16:54:26 2022 :: [!]  https://encoding.spec.whatwg.org
Thu Oct 27 16:54:26 2022 :: [!]  https://crbug.com/v8/7848
Thu Oct 27 16:54:26 2022 :: [!]  https://github.com/nodejs/node/issues\n';
Thu Oct 27 16:54:26 2022 :: [!]  https://github.com/nodejs/node/pull/38614
Thu Oct 27 16:54:26 2022 :: [!]  https://github.com/nodejs/node/pull/33661
Thu Oct 27 16:54:26 2022 :: [!]  https://github.com/nodejs/node/pull/35949#issuecomment-722496598
Thu Oct 27 16:54:26 2022 :: [!]  http://www.apache.org/licenses/LICENSE-2.0
Thu Oct 27 16:54:26 2022 :: [!]  https://github.com/google/caja/blob/HEAD/src/com/google/caja/ses/startSES.js
Thu Oct 27 16:54:26 2022 :: [!]  https://github.com/google/caja/blob/HEAD/src/com/google/caja/ses/repairES5.js
Thu Oct 27 16:54:26 2022 :: [!]  https://github.com/tc39/proposal-ses/blob/e5271cc42a257a05dcae2fd94713ed2f46c08620/shim/src/freeze.js
Thu Oct 27 16:54:26 2022 :: [!]  https://github.com/nodejs/node/pull/13870#discussion_r124515293,
Thu Oct 27 16:54:26 2022 :: [!]  https://github.com/nodejs/node/pull/34375
Thu Oct 27 16:54:26 2022 :: [!]  https://linux.die.net/man/1/dircolors
Thu Oct 27 16:54:26 2022 :: [!]  https://github.com/da-x/rxvt-unicode/tree/v9.22-with-24bit-color
Thu Oct 27 16:54:26 2022 :: [!]  https://gist.github.com/XVilka/8346728#gistcomment-2823421
Thu Oct 27 16:54:26 2022 :: [!]  https://github.com/chalk/supports-color,
Thu Oct 27 16:54:26 2022 :: [!]  https://github.com/isaacs/color-support.
Thu Oct 27 16:54:26 2022 :: [!]  https://no-color.org/
Thu Oct 27 16:54:26 2022 :: [!]  https://invisible-island.net/ncurses/terminfo.ti.html#toc-_Specials
Thu Oct 27 16:54:26 2022 :: [!]  https://tc39.github.io/ecma262/#sec-%iteratorprototype%-object
Thu Oct 27 16:54:26 2022 :: [!]  https://html.spec.whatwg.org/multipage/browsers.html#concept-origin-opaque
Thu Oct 27 16:54:26 2022 :: [!]  https://html.spec.whatwg.org/multipage/browsers.html#ascii-serialisation-of-an-origin
Thu Oct 27 16:54:26 2022 :: [!]  https://url.spec.whatwg.org/#concept-url
Thu Oct 27 16:54:26 2022 :: [!]  https://heycam.github.io/webidl/#es-iterators
Thu Oct 27 16:54:26 2022 :: [!]  https://heycam.github.io/webidl/#es-iterable
Thu Oct 27 16:54:26 2022 :: [!]  https://heycam.github.io/webidl/#es-stringifier
Thu Oct 27 16:54:26 2022 :: [!]  https://url.spec.whatwg.org/#urlsearchparams-stringification-behavior
Thu Oct 27 16:54:26 2022 :: [!]  https://heycam.github.io/webidl/#es-iterable-entries
Thu Oct 27 16:54:26 2022 :: [!]  https://url.spec.whatwg.org/#cannot-have-a-username-password-port
Thu Oct 27 16:54:26 2022 :: [!]  https://url.spec.whatwg.org/#url-serializing
Thu Oct 27 16:54:26 2022 :: [!]  https://url.spec.whatwg.org/#concept-url-origin
Thu Oct 27 16:54:26 2022 :: [!]  https://url.spec.whatwg.org/#concept-urlencoded-parser
Thu Oct 27 16:54:26 2022 :: [!]  https://url.spec.whatwg.org/#concept-urlencoded-byte-serializer
Thu Oct 27 16:54:26 2022 :: [!]  https://url.spec.whatwg.org/#concept-urlencoded-serializer
Thu Oct 27 16:54:26 2022 :: [!]  https://heycam.github.io/webidl/#dfn-class-string
Thu Oct 27 16:54:26 2022 :: [!]  https://heycam.github.io/webidl/#es-operations
Thu Oct 27 16:54:26 2022 :: [!]  https://heycam.github.io/webidl/#dfn-default-iterator-object
Thu Oct 27 16:54:26 2022 :: [!]  https://heycam.github.io/webidl/#dfn-iterator-prototype-object
Thu Oct 27 16:54:26 2022 :: [!]  https://console.spec.whatwg.org/#console-namespace
Thu Oct 27 16:54:26 2022 :: [!]  https://url.spec.whatwg.org/#url
Thu Oct 27 16:54:26 2022 :: [!]  https://url.spec.whatwg.org/#urlsearchparams
Thu Oct 27 16:54:26 2022 :: [!]  https://encoding.spec.whatwg.org/#textencoder
Thu Oct 27 16:54:26 2022 :: [!]  https://encoding.spec.whatwg.org/#textdecoder
Thu Oct 27 16:54:26 2022 :: [!]  https://html.spec.whatwg.org/multipage/webappapis.html#windoworworkerglobalscope
Thu Oct 27 16:54:26 2022 :: [!]  https://www.w3.org/TR/hr-time-2/#the-performance-attribute
Thu Oct 27 16:54:26 2022 :: [!]  https://github.com/nodejs/node/issues/31074
Thu Oct 27 16:54:26 2022 :: [!]  https://heycam.github.io/webidl/#es-namespaces
Thu Oct 27 16:54:26 2022 :: [!]  https://heycam.github.io/webidl/#es-interfaces
Thu Oct 27 16:54:26 2022 :: [!]  https://heycam.github.io/webidl/#define-the-operations
Thu Oct 27 16:54:26 2022 :: [!]  https://heycam.github.io/webidl/#Replaceable
Thu Oct 27 16:54:26 2022 :: [!]  https://fetch.spec.whatwg.org/
Thu Oct 27 16:54:26 2022 :: [!]  https://github.com/nodejs/node/pull/26334.
Thu Oct 27 16:54:26 2022 :: [!]  https://github.com/nodejs/node/issues/19009
Thu Oct 27 16:54:26 2022 :: [!]  https://github.com/nodejs/node/pull/34010
Thu Oct 27 16:54:26 2022 :: [!]  https://console.spec.whatwg.org/#count-map
Thu Oct 27 16:54:26 2022 :: [!]  https://console.spec.whatwg.org/#clear
Thu Oct 27 16:54:26 2022 :: [!]  https://console.spec.whatwg.org/#count
Thu Oct 27 16:54:26 2022 :: [!]  https://console.spec.whatwg.org/#countreset
Thu Oct 27 16:54:26 2022 :: [!]  https://console.spec.whatwg.org/#table
Thu Oct 27 16:54:26 2022 :: [!]  https://www.w3.org/TR/WebCryptoAPI/#aes-gcm-operations
Thu Oct 27 16:54:26 2022 :: [!]  https://en.wikipedia.org/wiki/SPKAC
Thu Oct 27 16:54:26 2022 :: [!]  https://github.com/chromium/chromium/blob/HEAD/third_party/blink/public/platform/web_crypto_algorithm_params.h,
Thu Oct 27 16:54:26 2022 :: [!]  https://www.w3.org/TR/WebCryptoAPI/
Thu Oct 27 16:54:26 2022 :: [!]  https://tools.ietf.org/html/rfc6455#section-1.3
Thu Oct 27 16:54:26 2022 :: [!]  https://github.com/nodejs/node/issues/35862
Thu Oct 27 16:54:26 2022 :: [!]  https://github.com/nodejs/node/issues/2006
Thu Oct 27 16:54:26 2022 :: [!]  https://github.com/libuv/libuv/pull/1501.
Thu Oct 27 16:54:26 2022 :: [!]  https://www.ecma-international.org/ecma-262/#sec-timeclip
Thu Oct 27 16:54:26 2022 :: [!]  https://github.com/nodejs/node/pull/12607
Thu Oct 27 16:54:26 2022 :: [!]  https://github.com/standard-things/esm/issues/821.
Thu Oct 27 16:54:26 2022 :: [!]  https://nodejs.org/api/fs.html'
Thu Oct 27 16:54:26 2022 :: [!]  https://nodejs.org/api/fs.html#fs_stat_time_values
Thu Oct 27 16:54:26 2022 :: [!]  https://github.com/nodejs/node/issues/35981
Thu Oct 27 16:54:26 2022 :: [!]  https://github.com/nodejs/node/issues/35475
Thu Oct 27 16:54:26 2022 :: [!]  https://github.com/nodejs/node/issues/34532
Thu Oct 27 16:54:26 2022 :: [!]  https://tools.ietf.org/html/rfc7540#section-8.1.2.5
Thu Oct 27 16:54:26 2022 :: [!]  https://tools.ietf.org/html/rfc7230#section-3.2.2
Thu Oct 27 16:54:26 2022 :: [!]  https://nodejs.org/\n'
Thu Oct 27 16:54:26 2022 :: [!]  https://github.com/WebAssembly/esm-integration/issues/42
Thu Oct 27 16:54:26 2022 :: [!]  https://example.com/foo
Thu Oct 27 16:54:26 2022 :: [!]  https://example.com/bar
Thu Oct 27 16:54:26 2022 :: [!]  https://bugs.chromium.org/p/v8/issues/detail?id=6593
Thu Oct 27 16:54:26 2022 :: [!]  https://github.com/heycam/webidl/pull/946.
Thu Oct 27 16:54:26 2022 :: [!]  https://github.com/nodejs/node/pull/38248
Thu Oct 27 16:54:26 2022 :: [!]  https://www.ecma-international.org/ecma-262/#sec-promise.all
Thu Oct 27 16:54:26 2022 :: [!]  https://tc39.es/ecma262/#sec-%typedarray%-intrinsic-object
Thu Oct 27 16:54:26 2022 :: [!]  https://url.spec.whatwg.org/#special-scheme
Thu Oct 27 16:54:26 2022 :: [!]  https://github.com/nodejs/node/issues/39707
Thu Oct 27 16:54:26 2022 :: [!]  https://w3c.github.io/webappsec-subresource-integrity/#the-integrity-attribute
Thu Oct 27 16:54:26 2022 :: [!]  https://nodejs.org/api/cli.html#cli_unhandled_rejections_mode
Thu Oct 27 16:54:26 2022 :: [!]  https://github.com/nodejs/node-v0.x-archive/issues/2876.
Thu Oct 27 16:54:26 2022 :: [!]  https://github.com/joyent/node/issues/3295.
Thu Oct 27 16:54:26 2022 :: [!]  http://userguide.icu-project.org/strings/properties
Thu Oct 27 16:54:26 2022 :: [!]  http://www.midnight-commander.org/browser/lib/tty/key.c
Thu Oct 27 16:54:26 2022 :: [!]  https://github.com/nodejs/node/issues/3392
Thu Oct 27 16:54:26 2022 :: [!]  https://github.com/nodejs/node/pull/3394
Thu Oct 27 16:54:26 2022 :: [!]  https://www.ecma-international.org/ecma-262/#sec-line-terminators
Thu Oct 27 16:54:26 2022 :: [!]  https://cs.chromium.org/chromium/src/v8/tools/SourceMap.js?rcl=dd10454c1d
Thu Oct 27 16:54:26 2022 :: [!]  http://src.chromium.org/viewvc/blink/trunk/Source/devtools/front_end/SourceMap.js
Thu Oct 27 16:54:26 2022 :: [!]  https://github.com/google/closure-compiler/wiki/Source-Maps
Thu Oct 27 16:54:26 2022 :: [!]  https://sourcemaps.info/spec.html
Thu Oct 27 16:54:26 2022 :: [!]  https://tools.ietf.org/html/rfc2397#section-2
Thu Oct 27 16:54:26 2022 :: [!]  https://github.com/nodejs/node/pull/36061#discussion_r533718029
Thu Oct 27 16:54:26 2022 :: [!]  https://github.com/nodejs/node/pull/33515.
Thu Oct 27 16:54:26 2022 :: [!]  https://github.com/nodejs/node/pull/34103#issuecomment-652002364
Thu Oct 27 16:54:26 2022 :: [!]  https://github.com/nodejs/node/pull/34385
Thu Oct 27 16:54:26 2022 :: [!]  https://github.com/mafintosh/end-of-stream
Thu Oct 27 16:54:26 2022 :: [!]  https://en.wikipedia.org/wiki/De_Morgan%27s_laws
Thu Oct 27 16:54:26 2022 :: [!]  https://github.com/tc39/proposal-iterator-helpers/issues/169
Thu Oct 27 16:54:26 2022 :: [!]  https://github.com/mafintosh/pump
Thu Oct 27 16:54:26 2022 :: [!]  https://tc39.github.io/ecma262/#sec-object.prototype.tostring
Thu Oct 27 16:54:26 2022 :: [!]  https://developer.mozilla.org/en-US/docs/Web/JavaScript/Equality_comparisons_and_sameness#Loose_equality_using
Thu Oct 27 16:54:26 2022 :: [!]  https://tc39.es/ecma262/#sec-IsHTMLDDA-internal-slot
Thu Oct 27 16:54:26 2022 :: [!]  https://github.com/chalk/ansi-regex/blob/HEAD/index.js
Thu Oct 27 16:54:26 2022 :: [!]  https://en.wikipedia.org/wiki/ANSI_escape_code#graphics
Thu Oct 27 16:54:26 2022 :: [!]  https://github.com/tc39/ecma262/issues/1209
Thu Oct 27 16:54:26 2022 :: [!]  https://www.unicode.org/Public/UNIDATA/EastAsianWidth.txt
Thu Oct 27 16:54:26 2022 :: [!]  https://github.com/tc39/proposal-weakrefs
Thu Oct 27 16:54:26 2022 :: [!]  https://github.com/tc39/ecma262/blob/HEAD/LICENSE.md
Thu Oct 27 16:54:26 2022 :: [!]  https://github.com/nodejs/node/issues/39758
Thu Oct 27 16:54:26 2022 :: [!]  https://github.com/WICG/scheduling-apis
Thu Oct 27 16:54:26 2022 :: [!]  https://github.com/acornjs/acorn/blob/master/acorn/src/identifier.js#L23
Thu Oct 27 16:54:26 2022 :: [!]  http://code.google.com/p/closure-compiler/wiki/SourceMaps
Thu Oct 27 16:54:26 2022 :: [!]  https://nodejs.org/download/release/v17.8.0/node-v17.8.0.tar.gz
Thu Oct 27 16:54:26 2022 :: [!]  https://nodejs.org/download/release/v17.8.0/node-v17.8.0-headers.tar.gz
Thu Oct 27 16:54:26 2022 :: [!]  https://nodejs.org/download/release/v17.8.0/win-x64/node.lib
Thu Oct 27 16:54:26 2022 :: [!]  https://crbug.com/v8/8520
Thu Oct 27 16:54:26 2022 :: [!]  http://www.unicode.org/copyright.html
Thu Oct 27 16:54:26 2022 :: [!]  https://www.World
Thu Oct 27 16:54:26 2022 :: [!]  http://www.years
Thu Oct 27 16:54:26 2022 :: [!]  http://www.interpretation
Thu Oct 27 16:54:26 2022 :: [!]  https://www.recent
Thu Oct 27 16:54:26 2022 :: [!]  http://www.wencodeURIComponent
Thu Oct 27 16:54:26 2022 :: [!]  http://www.icon
Thu Oct 27 16:54:26 2022 :: [!]  http://www.hortcut
Thu Oct 27 16:54:26 2022 :: [!]  http://www.w3.org/shortcut
Thu Oct 27 16:54:26 2022 :: [!]  http://www.text-decoration
Thu Oct 27 16:54:26 2022 :: [!]  http://www.style=
Thu Oct 27 16:54:26 2022 :: [!]  http://www.css
Thu Oct 27 16:54:26 2022 :: [!]  http://www.language=
Thu Oct 27 16:54:26 2022 :: [!]  https://github.com/nodejs/node/blob/1a96d83a223ff9f05f7d942fb84440d323f7b596/lib/internal/bootstrap/node.js#L269
Thu Oct 27 16:54:26 2022 :: [!]  https://github.com/vercel/pkg/issues/1589
Thu Oct 27 16:54:26 2022 :: [!]  https://github.com/nodejs/node/pull/33229
Thu Oct 27 16:54:26 2022 :: [*]Dumped file structure --> C:\Users\lowkk\OneDrive\Bureau\PyExtractor-main\start.exe\start.exe.json
--------------------------Finished--------------------------

